d:\githubbitengine\bitengine\bin\debug\btcore.lib
d:\githubbitengine\bitengine\bin\debug\btcore.exp
d:\githubbitengine\bitengine\bin\debug\intermediates\bitengine-core\btcore.pch
d:\githubbitengine\bitengine\bin\debug\intermediates\bitengine-core\vc141.pdb
d:\githubbitengine\bitengine\bin\debug\intermediates\bitengine-core\vc141.idb
d:\githubbitengine\bitengine\bin\debug\intermediates\bitengine-core\vfs.obj
d:\githubbitengine\bitengine\bin\debug\intermediates\bitengine-core\system.obj
d:\githubbitengine\bitengine\bin\debug\intermediates\bitengine-core\memorymanager.obj
d:\githubbitengine\bitengine\bin\debug\intermediates\bitengine-core\memory.obj
d:\githubbitengine\bitengine\bin\debug\intermediates\bitengine-core\filesystem.obj
d:\githubbitengine\bitengine\bin\debug\intermediates\bitengine-core\allocator.obj
d:\githubbitengine\bitengine\bin\debug\intermediates\bitengine-core\string.obj
d:\githubbitengine\bitengine\bin\debug\intermediates\bitengine-core\win32window.obj
d:\githubbitengine\bitengine\bin\debug\intermediates\bitengine-core\win32timer.obj
d:\githubbitengine\bitengine\bin\debug\intermediates\bitengine-core\win32memorymanager.obj
d:\githubbitengine\bitengine\bin\debug\intermediates\bitengine-core\win32log.obj
d:\githubbitengine\bitengine\bin\debug\intermediates\bitengine-core\win32input.obj
d:\githubbitengine\bitengine\bin\debug\intermediates\bitengine-core\win32filesystem.obj
d:\githubbitengine\bitengine\bin\debug\intermediates\bitengine-core\win32application.obj
d:\githubbitengine\bitengine\bin\debug\intermediates\bitengine-core\glrenderer.obj
d:\githubbitengine\bitengine\bin\debug\intermediates\bitengine-core\glerror.obj
d:\githubbitengine\bitengine\bin\debug\intermediates\bitengine-core\glcontext.obj
d:\githubbitengine\bitengine\bin\debug\intermediates\bitengine-core\vec4.obj
d:\githubbitengine\bitengine\bin\debug\intermediates\bitengine-core\vec3.obj
d:\githubbitengine\bitengine\bin\debug\intermediates\bitengine-core\vec2.obj
d:\githubbitengine\bitengine\bin\debug\intermediates\bitengine-core\rectangle.obj
d:\githubbitengine\bitengine\bin\debug\intermediates\bitengine-core\mat4.obj
d:\githubbitengine\bitengine\bin\debug\intermediates\bitengine-core\aabb.obj
d:\githubbitengine\bitengine\bin\debug\intermediates\bitengine-core\renderer.obj
d:\githubbitengine\bitengine\bin\debug\intermediates\bitengine-core\layer.obj
d:\githubbitengine\bitengine\bin\debug\intermediates\bitengine-core\context.obj
d:\githubbitengine\bitengine\bin\debug\intermediates\bitengine-core\windowevent.obj
d:\githubbitengine\bitengine\bin\debug\intermediates\bitengine-core\mouseevent.obj
d:\githubbitengine\bitengine\bin\debug\intermediates\bitengine-core\keyevent.obj
d:\githubbitengine\bitengine\bin\debug\intermediates\bitengine-core\event.obj
d:\githubbitengine\bitengine\bin\debug\intermediates\bitengine-core\bt.obj
d:\githubbitengine\bitengine\bin\debug\intermediates\bitengine-core\window.obj
d:\githubbitengine\bitengine\bin\debug\intermediates\bitengine-core\input.obj
d:\githubbitengine\bitengine\bin\debug\intermediates\bitengine-core\application.obj
d:\githubbitengine\bitengine\bin\debug\btcore.ilk
d:\githubbitengine\bitengine\bin\debug\btcore.dll
d:\githubbitengine\bitengine\bin\debug\btcore.pdb
d:\githubbitengine\bitengine\bin\debug\intermediates\bitengine-core\bitengine-core.tlog\bitengine-core.write.1u.tlog
d:\githubbitengine\bitengine\bin\debug\intermediates\bitengine-core\bitengine-core.tlog\cl.command.1.tlog
d:\githubbitengine\bitengine\bin\debug\intermediates\bitengine-core\bitengine-core.tlog\cl.read.1.tlog
d:\githubbitengine\bitengine\bin\debug\intermediates\bitengine-core\bitengine-core.tlog\cl.write.1.tlog
d:\githubbitengine\bitengine\bin\debug\intermediates\bitengine-core\bitengine-core.tlog\link.command.1.tlog
d:\githubbitengine\bitengine\bin\debug\intermediates\bitengine-core\bitengine-core.tlog\link.read.1.tlog
d:\githubbitengine\bitengine\bin\debug\intermediates\bitengine-core\bitengine-core.tlog\link.write.1.tlog
