cl : Command line warning D9002: ignoring unknown option '/arch:SSE'
  Game.cpp
G:\visual studio real\VC\Tools\MSVC\14.11.25503\include\iosfwd(480): error C2039: 'strlen': is not a member of '`global namespace''
G:\visual studio real\VC\Tools\MSVC\14.11.25503\include\iosfwd(480): error C3861: 'strlen': identifier not found
G:\visual studio real\VC\Tools\MSVC\14.11.25503\include\sstream(28): error C2061: syntax error: identifier 'openmode'
  G:\visual studio real\VC\Tools\MSVC\14.11.25503\include\sstream(372): note: see reference to class template instantiation 'std::basic_stringbuf<_Elem,_Traits,_Alloc>' being compiled
G:\visual studio real\VC\Tools\MSVC\14.11.25503\include\sstream(34): error C2061: syntax error: identifier 'openmode'
G:\visual studio real\VC\Tools\MSVC\14.11.25503\include\sstream(225): error C2061: syntax error: identifier 'seekdir'
G:\visual studio real\VC\Tools\MSVC\14.11.25503\include\sstream(275): error C2061: syntax error: identifier 'openmode'
G:\visual studio real\VC\Tools\MSVC\14.11.25503\include\sstream(355): error C2061: syntax error: identifier 'openmode'
G:\visual studio real\VC\Tools\MSVC\14.11.25503\include\sstream(398): error C2061: syntax error: identifier 'openmode'
  G:\visual studio real\VC\Tools\MSVC\14.11.25503\include\sstream(465): note: see reference to class template instantiation 'std::basic_istringstream<_Elem,_Traits,_Alloc>' being compiled
G:\visual studio real\VC\Tools\MSVC\14.11.25503\include\sstream(404): error C2061: syntax error: identifier 'openmode'
G:\visual studio real\VC\Tools\MSVC\14.11.25503\include\sstream(491): error C2061: syntax error: identifier 'openmode'
  G:\visual studio real\VC\Tools\MSVC\14.11.25503\include\sstream(558): note: see reference to class template instantiation 'std::basic_ostringstream<_Elem,_Traits,_Alloc>' being compiled
G:\visual studio real\VC\Tools\MSVC\14.11.25503\include\sstream(497): error C2061: syntax error: identifier 'openmode'
G:\visual studio real\VC\Tools\MSVC\14.11.25503\include\sstream(589): error C2061: syntax error: identifier 'openmode'
  G:\visual studio real\VC\Tools\MSVC\14.11.25503\include\sstream(657): note: see reference to class template instantiation 'std::basic_stringstream<_Elem,_Traits,_Alloc>' being compiled
G:\visual studio real\VC\Tools\MSVC\14.11.25503\include\sstream(596): error C2061: syntax error: identifier 'openmode'
G:\visual studio real\VC\Tools\MSVC\14.11.25503\include\xhash(41): error C2039: 'strlen': is not a member of '`global namespace''
G:\visual studio real\VC\Tools\MSVC\14.11.25503\include\xhash(41): error C3861: 'strlen': identifier not found
G:\visual studio real\VC\Tools\MSVC\14.11.25503\include\cstring(12): error C2039: 'strcat': is not a member of '`global namespace''
G:\visual studio real\VC\Tools\MSVC\14.11.25503\include\cstring(12): error C2873: 'strcat': symbol cannot be used in a using-declaration
G:\visual studio real\VC\Tools\MSVC\14.11.25503\include\cstring(12): error C2039: 'strcmp': is not a member of '`global namespace''
G:\visual studio real\VC\Tools\MSVC\14.11.25503\include\cstring(12): error C2873: 'strcmp': symbol cannot be used in a using-declaration
G:\visual studio real\VC\Tools\MSVC\14.11.25503\include\cstring(13): error C2039: 'strcoll': is not a member of '`global namespace''
G:\visual studio real\VC\Tools\MSVC\14.11.25503\include\cstring(13): error C2873: 'strcoll': symbol cannot be used in a using-declaration
G:\visual studio real\VC\Tools\MSVC\14.11.25503\include\cstring(13): error C2039: 'strcpy': is not a member of '`global namespace''
G:\visual studio real\VC\Tools\MSVC\14.11.25503\include\cstring(13): error C2873: 'strcpy': symbol cannot be used in a using-declaration
G:\visual studio real\VC\Tools\MSVC\14.11.25503\include\cstring(13): error C2039: 'strcspn': is not a member of '`global namespace''
G:\visual studio real\VC\Tools\MSVC\14.11.25503\include\cstring(13): error C2873: 'strcspn': symbol cannot be used in a using-declaration
G:\visual studio real\VC\Tools\MSVC\14.11.25503\include\cstring(14): error C2039: 'strerror': is not a member of '`global namespace''
G:\visual studio real\VC\Tools\MSVC\14.11.25503\include\cstring(14): error C2873: 'strerror': symbol cannot be used in a using-declaration
G:\visual studio real\VC\Tools\MSVC\14.11.25503\include\cstring(14): error C2039: 'strlen': is not a member of '`global namespace''
G:\visual studio real\VC\Tools\MSVC\14.11.25503\include\cstring(14): error C2873: 'strlen': symbol cannot be used in a using-declaration
G:\visual studio real\VC\Tools\MSVC\14.11.25503\include\cstring(14): error C2039: 'strncat': is not a member of '`global namespace''
G:\visual studio real\VC\Tools\MSVC\14.11.25503\include\cstring(14): error C2873: 'strncat': symbol cannot be used in a using-declaration
G:\visual studio real\VC\Tools\MSVC\14.11.25503\include\cstring(15): error C2039: 'strncmp': is not a member of '`global namespace''
G:\visual studio real\VC\Tools\MSVC\14.11.25503\include\cstring(15): error C2873: 'strncmp': symbol cannot be used in a using-declaration
G:\visual studio real\VC\Tools\MSVC\14.11.25503\include\cstring(15): error C2039: 'strncpy': is not a member of '`global namespace''
G:\visual studio real\VC\Tools\MSVC\14.11.25503\include\cstring(15): error C2873: 'strncpy': symbol cannot be used in a using-declaration
G:\visual studio real\VC\Tools\MSVC\14.11.25503\include\cstring(15): error C2039: 'strpbrk': is not a member of '`global namespace''
G:\visual studio real\VC\Tools\MSVC\14.11.25503\include\cstring(15): error C2873: 'strpbrk': symbol cannot be used in a using-declaration
G:\visual studio real\VC\Tools\MSVC\14.11.25503\include\cstring(16): error C2039: 'strspn': is not a member of '`global namespace''
G:\visual studio real\VC\Tools\MSVC\14.11.25503\include\cstring(16): error C2873: 'strspn': symbol cannot be used in a using-declaration
G:\visual studio real\VC\Tools\MSVC\14.11.25503\include\cstring(17): error C2039: 'strtok': is not a member of '`global namespace''
G:\visual studio real\VC\Tools\MSVC\14.11.25503\include\cstring(17): error C2873: 'strtok': symbol cannot be used in a using-declaration
G:\visual studio real\VC\Tools\MSVC\14.11.25503\include\cstring(17): error C2039: 'strxfrm': is not a member of '`global namespace''
G:\visual studio real\VC\Tools\MSVC\14.11.25503\include\cstring(17): error C2873: 'strxfrm': symbol cannot be used in a using-declaration
G:\visual studio real\VC\Tools\MSVC\14.11.25503\include\xlocale(480): error C2039: 'strcmp': is not a member of '`global namespace''
G:\visual studio real\VC\Tools\MSVC\14.11.25503\include\xlocale(480): error C3861: 'strcmp': identifier not found
G:\visual studio real\VC\Tools\MSVC\14.11.25503\include\xlocale(691): error C2039: 'strlen': is not a member of '`global namespace''
G:\visual studio real\VC\Tools\MSVC\14.11.25503\include\xlocale(691): error C3861: 'strlen': identifier not found
G:\visual studio real\VC\Tools\MSVC\14.11.25503\include\xlocale(727): error C2039: 'strlen': is not a member of '`global namespace''
G:\visual studio real\VC\Tools\MSVC\14.11.25503\include\xlocale(727): error C3861: 'strlen': identifier not found
G:\visual studio real\VC\Tools\MSVC\14.11.25503\include\xlocale(1640): error C2039: 'strlen': is not a member of '`global namespace''
G:\visual studio real\VC\Tools\MSVC\14.11.25503\include\xlocale(1640): error C3861: 'strlen': identifier not found
G:\visual studio real\VC\Tools\MSVC\14.11.25503\include\xlocale(1755): error C2039: 'strlen': is not a member of '`global namespace''
G:\visual studio real\VC\Tools\MSVC\14.11.25503\include\xlocale(1755): error C3861: 'strlen': identifier not found
G:\visual studio real\VC\Tools\MSVC\14.11.25503\include\xlocale(1889): error C2039: 'strlen': is not a member of '`global namespace''
G:\visual studio real\VC\Tools\MSVC\14.11.25503\include\xlocale(1889): error C3861: 'strlen': identifier not found
G:\visual studio real\VC\Tools\MSVC\14.11.25503\include\xlocale(2004): error C2039: 'strlen': is not a member of '`global namespace''
G:\visual studio real\VC\Tools\MSVC\14.11.25503\include\xlocale(2004): error C3861: 'strlen': identifier not found
C:\Program Files (x86)\Windows Kits\10\Include\10.0.15063.0\shared\minwindef.h(130): warning C4005: 'APIENTRY': macro redefinition
  D:\GitHubBitEngine\BitEngine\Directories\GLFW64bit\include\GLFW\glfw3.h(98): note: see previous definition of 'APIENTRY'
d:\githubbitengine\bitengine\bitengine-core\src\graphics\2d\renderable2D.h(3): warning C4067: unexpected tokens following preprocessor directive - expected a newline
d:\githubbitengine\bitengine\bitengine-core\src\maths\maths_func.h(9): warning C4244: 'return': conversion from 'double' to 'float', possible loss of data
d:\githubbitengine\bitengine\bitengine-core\src\graphics\2d\renderable2D.h(4): warning C4067: unexpected tokens following preprocessor directive - expected a newline
d:\githubbitengine\bitengine\bitengine-core\src\graphics\2d\renderable2D.h(5): warning C4067: unexpected tokens following preprocessor directive - expected a newline
d:\githubbitengine\bitengine\bitengine-core\src\graphics\2d\renderable2D.h(11): warning C4067: unexpected tokens following preprocessor directive - expected a newline
d:\githubbitengine\bitengine\bitengine-core\src\graphics\../utils/FileUtils.h(54): error C3861: 'strcmp': identifier not found
d:\githubbitengine\bitengine\bitengine-core\src\graphics\../utils/FileUtils.h(59): error C3861: 'strcmp': identifier not found
d:\githubbitengine\bitengine\bitengine-core\src\graphics\../utils/FileUtils.h(64): error C3861: 'strcmp': identifier not found
d:\githubbitengine\bitengine\bitengine-core\src\graphics\../utils/FileUtils.h(69): error C3861: 'strcmp': identifier not found
Example\Game.cpp(69): warning C4244: 'argument': conversion from 'int' to 'float', possible loss of data
  bt.cpp
D:\GitHubBitEngine\BitEngine\BitEngine-Core\src\string.h(6): error C2039: 'string': is not a member of 'std'
  G:\visual studio real\VC\Tools\MSVC\14.11.25503\include\cstdio(23): note: see declaration of 'std'
D:\GitHubBitEngine\BitEngine\BitEngine-Core\src\string.h(6): error C4430: missing type specifier - int assumed. Note: C++ does not support default-int
D:\GitHubBitEngine\BitEngine\BitEngine-Core\src\string.h(6): error C2146: syntax error: missing ';' before identifier 'String'
D:\GitHubBitEngine\BitEngine\BitEngine-Core\src\string.h(16): error C4430: missing type specifier - int assumed. Note: C++ does not support default-int
D:\GitHubBitEngine\BitEngine\BitEngine-Core\src\string.h(16): error C2061: syntax error: identifier 'Hex'
D:\GitHubBitEngine\BitEngine\BitEngine-Core\src\string.h(16): error C2334: unexpected token(s) preceding '{'; skipping apparent function body
D:\GitHubBitEngine\BitEngine\BitEngine-Core\src\string.h(23): error C4430: missing type specifier - int assumed. Note: C++ does not support default-int
D:\GitHubBitEngine\BitEngine\BitEngine-Core\src\string.h(23): error C2061: syntax error: identifier 'Hex'
D:\GitHubBitEngine\BitEngine\BitEngine-Core\src\string.h(23): error C2334: unexpected token(s) preceding '{'; skipping apparent function body
D:\GitHubBitEngine\BitEngine\BitEngine-Core\src\string.h(30): error C3646: 'Float': unknown override specifier
D:\GitHubBitEngine\BitEngine\BitEngine-Core\src\string.h(30): error C2988: unrecognizable template declaration/definition
D:\GitHubBitEngine\BitEngine\BitEngine-Core\src\string.h(30): error C2059: syntax error: 'const'
D:\GitHubBitEngine\BitEngine\BitEngine-Core\src\string.h(30): error C2334: unexpected token(s) preceding '{'; skipping apparent function body
D:\GitHubBitEngine\BitEngine\BitEngine-Core\src\string.h(37): error C4430: missing type specifier - int assumed. Note: C++ does not support default-int
D:\GitHubBitEngine\BitEngine\BitEngine-Core\src\string.h(37): error C2061: syntax error: identifier 'ToString'
D:\GitHubBitEngine\BitEngine\BitEngine-Core\src\string.h(37): error C2334: unexpected token(s) preceding '{'; skipping apparent function body
D:\GitHubBitEngine\BitEngine\BitEngine-Core\src\string.h(42): error C2039: 'vector': is not a member of 'std'
  G:\visual studio real\VC\Tools\MSVC\14.11.25503\include\cstdio(23): note: see declaration of 'std'
D:\GitHubBitEngine\BitEngine\BitEngine-Core\src\string.h(42): error C2988: unrecognizable template declaration/definition
D:\GitHubBitEngine\BitEngine\BitEngine-Core\src\string.h(42): error C2143: syntax error: missing ';' before '<'
D:\GitHubBitEngine\BitEngine\BitEngine-Core\src\string.h(43): error C2039: 'vector': is not a member of 'std'
  G:\visual studio real\VC\Tools\MSVC\14.11.25503\include\cstdio(23): note: see declaration of 'std'
D:\GitHubBitEngine\BitEngine\BitEngine-Core\src\string.h(43): error C2988: unrecognizable template declaration/definition
D:\GitHubBitEngine\BitEngine\BitEngine-Core\src\string.h(43): error C2143: syntax error: missing ';' before '<'
D:\GitHubBitEngine\BitEngine\BitEngine-Core\src\string.h(44): error C2039: 'vector': is not a member of 'std'
  G:\visual studio real\VC\Tools\MSVC\14.11.25503\include\cstdio(23): note: see declaration of 'std'
D:\GitHubBitEngine\BitEngine\BitEngine-Core\src\string.h(44): error C2988: unrecognizable template declaration/definition
D:\GitHubBitEngine\BitEngine\BitEngine-Core\src\string.h(44): error C2143: syntax error: missing ';' before '<'
D:\GitHubBitEngine\BitEngine\BitEngine-Core\src\string.h(45): error C2039: 'vector': is not a member of 'std'
  G:\visual studio real\VC\Tools\MSVC\14.11.25503\include\cstdio(23): note: see declaration of 'std'
D:\GitHubBitEngine\BitEngine\BitEngine-Core\src\string.h(45): error C2988: unrecognizable template declaration/definition
D:\GitHubBitEngine\BitEngine\BitEngine-Core\src\string.h(45): error C2143: syntax error: missing ';' before '<'
D:\GitHubBitEngine\BitEngine\BitEngine-Core\src\string.h(47): error C4430: missing type specifier - int assumed. Note: C++ does not support default-int
D:\GitHubBitEngine\BitEngine\BitEngine-Core\src\string.h(47): error C2988: unrecognizable template declaration/definition
D:\GitHubBitEngine\BitEngine\BitEngine-Core\src\string.h(47): error C2143: syntax error: missing ',' before '&'
D:\GitHubBitEngine\BitEngine\BitEngine-Core\src\string.h(48): error C4430: missing type specifier - int assumed. Note: C++ does not support default-int
D:\GitHubBitEngine\BitEngine\BitEngine-Core\src\string.h(48): error C2988: unrecognizable template declaration/definition
D:\GitHubBitEngine\BitEngine\BitEngine-Core\src\string.h(48): error C2143: syntax error: missing ',' before '&'
D:\GitHubBitEngine\BitEngine\BitEngine-Core\src\string.h(49): error C2146: syntax error: missing ';' before identifier 'FindStringPosition'
D:\GitHubBitEngine\BitEngine\BitEngine-Core\src\string.h(50): error C2146: syntax error: missing ';' before identifier 'StringRange'
D:\GitHubBitEngine\BitEngine\BitEngine-Core\src\string.h(51): error C2146: syntax error: missing ';' before identifier 'RemoveStringRange'
D:\GitHubBitEngine\BitEngine\BitEngine-Core\src\string.h(53): error C2146: syntax error: missing ';' before identifier 'GetBlock'
D:\GitHubBitEngine\BitEngine\BitEngine-Core\src\string.h(54): error C2146: syntax error: missing ';' before identifier 'GetBlock'
D:\GitHubBitEngine\BitEngine\BitEngine-Core\src\string.h(56): error C2146: syntax error: missing ';' before identifier 'GetStatement'
D:\GitHubBitEngine\BitEngine\BitEngine-Core\src\string.h(58): error C4430: missing type specifier - int assumed. Note: C++ does not support default-int
D:\GitHubBitEngine\BitEngine\BitEngine-Core\src\string.h(58): error C2988: unrecognizable template declaration/definition
D:\GitHubBitEngine\BitEngine\BitEngine-Core\src\string.h(58): error C2143: syntax error: missing ',' before '&'
D:\GitHubBitEngine\BitEngine\BitEngine-Core\src\string.h(59): error C4430: missing type specifier - int assumed. Note: C++ does not support default-int
D:\GitHubBitEngine\BitEngine\BitEngine-Core\src\string.h(59): error C2988: unrecognizable template declaration/definition
D:\GitHubBitEngine\BitEngine\BitEngine-Core\src\string.h(59): error C2143: syntax error: missing ',' before '&'
D:\GitHubBitEngine\BitEngine\BitEngine-Core\src\string.h(60): error C2146: syntax error: missing ';' before identifier 'NextInt'
G:\visual studio real\VC\Tools\MSVC\14.11.25503\include\cstring(12): error C2039: 'strcat': is not a member of '`global namespace''
G:\visual studio real\VC\Tools\MSVC\14.11.25503\include\cstring(12): error C2873: 'strcat': symbol cannot be used in a using-declaration
G:\visual studio real\VC\Tools\MSVC\14.11.25503\include\cstring(12): error C2039: 'strcmp': is not a member of '`global namespace''
G:\visual studio real\VC\Tools\MSVC\14.11.25503\include\cstring(12): error C2873: 'strcmp': symbol cannot be used in a using-declaration
G:\visual studio real\VC\Tools\MSVC\14.11.25503\include\cstring(13): error C2039: 'strcoll': is not a member of '`global namespace''
G:\visual studio real\VC\Tools\MSVC\14.11.25503\include\cstring(13): error C2873: 'strcoll': symbol cannot be used in a using-declaration
G:\visual studio real\VC\Tools\MSVC\14.11.25503\include\cstring(13): error C2039: 'strcpy': is not a member of '`global namespace''
G:\visual studio real\VC\Tools\MSVC\14.11.25503\include\cstring(13): error C2873: 'strcpy': symbol cannot be used in a using-declaration
G:\visual studio real\VC\Tools\MSVC\14.11.25503\include\cstring(13): error C2039: 'strcspn': is not a member of '`global namespace''
G:\visual studio real\VC\Tools\MSVC\14.11.25503\include\cstring(13): error C2873: 'strcspn': symbol cannot be used in a using-declaration
G:\visual studio real\VC\Tools\MSVC\14.11.25503\include\cstring(14): error C2039: 'strerror': is not a member of '`global namespace''
G:\visual studio real\VC\Tools\MSVC\14.11.25503\include\cstring(14): error C2873: 'strerror': symbol cannot be used in a using-declaration
G:\visual studio real\VC\Tools\MSVC\14.11.25503\include\cstring(14): error C2039: 'strlen': is not a member of '`global namespace''
G:\visual studio real\VC\Tools\MSVC\14.11.25503\include\cstring(14): error C2873: 'strlen': symbol cannot be used in a using-declaration
G:\visual studio real\VC\Tools\MSVC\14.11.25503\include\cstring(14): error C2039: 'strncat': is not a member of '`global namespace''
G:\visual studio real\VC\Tools\MSVC\14.11.25503\include\cstring(14): error C2873: 'strncat': symbol cannot be used in a using-declaration
G:\visual studio real\VC\Tools\MSVC\14.11.25503\include\cstring(15): error C2039: 'strncmp': is not a member of '`global namespace''
G:\visual studio real\VC\Tools\MSVC\14.11.25503\include\cstring(15): error C2873: 'strncmp': symbol cannot be used in a using-declaration
G:\visual studio real\VC\Tools\MSVC\14.11.25503\include\cstring(15): error C2039: 'strncpy': is not a member of '`global namespace''
G:\visual studio real\VC\Tools\MSVC\14.11.25503\include\cstring(15): error C2873: 'strncpy': symbol cannot be used in a using-declaration
G:\visual studio real\VC\Tools\MSVC\14.11.25503\include\cstring(15): error C2039: 'strpbrk': is not a member of '`global namespace''
G:\visual studio real\VC\Tools\MSVC\14.11.25503\include\cstring(15): error C2873: 'strpbrk': symbol cannot be used in a using-declaration
G:\visual studio real\VC\Tools\MSVC\14.11.25503\include\cstring(16): error C2039: 'strspn': is not a member of '`global namespace''
G:\visual studio real\VC\Tools\MSVC\14.11.25503\include\cstring(16): error C2873: 'strspn': symbol cannot be used in a using-declaration
G:\visual studio real\VC\Tools\MSVC\14.11.25503\include\cstring(17): error C2039: 'strtok': is not a member of '`global namespace''
G:\visual studio real\VC\Tools\MSVC\14.11.25503\include\cstring(17): error C2873: 'strtok': symbol cannot be used in a using-declaration
G:\visual studio real\VC\Tools\MSVC\14.11.25503\include\cstring(17): error C2039: 'strxfrm': is not a member of '`global namespace''
G:\visual studio real\VC\Tools\MSVC\14.11.25503\include\cstring(17): error C2873: 'strxfrm': symbol cannot be used in a using-declaration
C:\Program Files (x86)\Windows Kits\10\Include\10.0.15063.0\ucrt\crtdbg.h(122): error C2143: syntax error: missing ';' before 'identifier'
C:\Program Files (x86)\Windows Kits\10\Include\10.0.15063.0\ucrt\crtdbg.h(122): warning C4091: 'typedef ': ignored on left of '_CrtMemState' when no variable is declared
C:\Program Files (x86)\Windows Kits\10\Include\10.0.15063.0\ucrt\crtdbg.h(122): warning C4091: '': ignored on left of '_CrtMemState' when no variable is declared
G:\visual studio real\VC\Tools\MSVC\14.11.25503\include\iosfwd(29): error C4430: missing type specifier - int assumed. Note: C++ does not support default-int
G:\visual studio real\VC\Tools\MSVC\14.11.25503\include\iosfwd(29): error C2146: syntax error: missing ';' before identifier '_BADOFF'
G:\visual studio real\VC\Tools\MSVC\14.11.25503\include\iosfwd(39): error C2061: syntax error: identifier 'streamoff'
  G:\visual studio real\VC\Tools\MSVC\14.11.25503\include\iosfwd(117): note: see reference to class template instantiation 'std::fpos<_Statetype>' being compiled
G:\visual studio real\VC\Tools\MSVC\14.11.25503\include\iosfwd(64): error C2833: 'operator streamoff' is not a recognized operator or type
G:\visual studio real\VC\Tools\MSVC\14.11.25503\include\iosfwd(64): error C2059: syntax error: 'newline'
G:\visual studio real\VC\Tools\MSVC\14.11.25503\include\iosfwd(65): error C2334: unexpected token(s) preceding '{'; skipping apparent function body
G:\visual studio real\VC\Tools\MSVC\14.11.25503\include\iosfwd(69): error C2143: syntax error: missing ';' before '-'
G:\visual studio real\VC\Tools\MSVC\14.11.25503\include\iosfwd(69): error C4430: missing type specifier - int assumed. Note: C++ does not support default-int
G:\visual studio real\VC\Tools\MSVC\14.11.25503\include\iosfwd(70): error C4430: missing type specifier - int assumed. Note: C++ does not support default-int
G:\visual studio real\VC\Tools\MSVC\14.11.25503\include\iosfwd(74): error C2061: syntax error: identifier 'streamoff'
G:\visual studio real\VC\Tools\MSVC\14.11.25503\include\iosfwd(75): error C2805: binary 'operator +=' has too few parameters
G:\visual studio real\VC\Tools\MSVC\14.11.25503\include\iosfwd(75): error C2333: 'std::fpos<_Statetype>::operator +=': error in function declaration; skipping function body
G:\visual studio real\VC\Tools\MSVC\14.11.25503\include\iosfwd(80): error C2061: syntax error: identifier 'streamoff'
G:\visual studio real\VC\Tools\MSVC\14.11.25503\include\iosfwd(81): error C2805: binary 'operator -=' has too few parameters
G:\visual studio real\VC\Tools\MSVC\14.11.25503\include\iosfwd(81): error C2333: 'std::fpos<_Statetype>::operator -=': error in function declaration; skipping function body
G:\visual studio real\VC\Tools\MSVC\14.11.25503\include\iosfwd(86): error C2061: syntax error: identifier 'streamoff'
G:\visual studio real\VC\Tools\MSVC\14.11.25503\include\iosfwd(92): error C2061: syntax error: identifier 'streamoff'
G:\visual studio real\VC\Tools\MSVC\14.11.25503\include\iosfwd(103): error C2061: syntax error: identifier 'streamoff'
G:\visual studio real\VC\Tools\MSVC\14.11.25503\include\iosfwd(104): error C2805: binary 'operator ==' has too few parameters
G:\visual studio real\VC\Tools\MSVC\14.11.25503\include\iosfwd(104): error C2333: 'std::fpos<_Statetype>::operator ==': error in function declaration; skipping function body
G:\visual studio real\VC\Tools\MSVC\14.11.25503\include\iosfwd(114): error C3646: '_Myoff': unknown override specifier
G:\visual studio real\VC\Tools\MSVC\14.11.25503\include\iosfwd(114): error C4430: missing type specifier - int assumed. Note: C++ does not support default-int
G:\visual studio real\VC\Tools\MSVC\14.11.25503\include\iosfwd(126): error C2146: syntax error: missing ';' before identifier 'wstreampos'
G:\visual studio real\VC\Tools\MSVC\14.11.25503\include\iosfwd(135): error C3646: 'pos_type': unknown override specifier
  G:\visual studio real\VC\Tools\MSVC\14.11.25503\include\iosfwd(243): note: see reference to class template instantiation 'std::_Char_traits<_Elem,_Int_type>' being compiled
G:\visual studio real\VC\Tools\MSVC\14.11.25503\include\iosfwd(135): error C4430: missing type specifier - int assumed. Note: C++ does not support default-int
G:\visual studio real\VC\Tools\MSVC\14.11.25503\include\iosfwd(136): error C3646: 'off_type': unknown override specifier
G:\visual studio real\VC\Tools\MSVC\14.11.25503\include\iosfwd(136): error C4430: missing type specifier - int assumed. Note: C++ does not support default-int
G:\visual studio real\VC\Tools\MSVC\14.11.25503\include\iosfwd(259): error C2146: syntax error: missing ';' before identifier 'u16streampos'
G:\visual studio real\VC\Tools\MSVC\14.11.25503\include\iosfwd(268): error C2146: syntax error: missing ';' before identifier 'u32streampos'
G:\visual studio real\VC\Tools\MSVC\14.11.25503\include\iosfwd(277): error C3646: 'pos_type': unknown override specifier
G:\visual studio real\VC\Tools\MSVC\14.11.25503\include\iosfwd(277): error C4430: missing type specifier - int assumed. Note: C++ does not support default-int
G:\visual studio real\VC\Tools\MSVC\14.11.25503\include\iosfwd(278): error C3646: 'off_type': unknown override specifier
G:\visual studio real\VC\Tools\MSVC\14.11.25503\include\iosfwd(278): error C4430: missing type specifier - int assumed. Note: C++ does not support default-int
G:\visual studio real\VC\Tools\MSVC\14.11.25503\include\iosfwd(284): error C2059: syntax error: 'return'
G:\visual studio real\VC\Tools\MSVC\14.11.25503\include\iosfwd(284): error C2238: unexpected token(s) preceding ';'
G:\visual studio real\VC\Tools\MSVC\14.11.25503\include\iosfwd(287): error C2143: syntax error: missing ';' before '__cdecl'
G:\visual studio real\VC\Tools\MSVC\14.11.25503\include\iosfwd(287): error C4430: missing type specifier - int assumed. Note: C++ does not support default-int
G:\visual studio real\VC\Tools\MSVC\14.11.25503\include\iosfwd(287): error C2143: syntax error: missing ',' before '*'
G:\visual studio real\VC\Tools\MSVC\14.11.25503\include\iosfwd(288): error C4430: missing type specifier - int assumed. Note: C++ does not support default-int
G:\visual studio real\VC\Tools\MSVC\14.11.25503\include\iosfwd(289): error C2065: '_First': undeclared identifier
G:\visual studio real\VC\Tools\MSVC\14.11.25503\include\iosfwd(289): warning C4508: 'std::length': function should return a value; 'void' return type assumed
G:\visual studio real\VC\Tools\MSVC\14.11.25503\include\iosfwd(290): error C2617: 'std::length': inconsistent return statement
  G:\visual studio real\VC\Tools\MSVC\14.11.25503\include\iosfwd(287): note: see declaration of 'std::length'
G:\visual studio real\VC\Tools\MSVC\14.11.25503\include\iosfwd(292): error C2143: syntax error: missing ';' before '*'
G:\visual studio real\VC\Tools\MSVC\14.11.25503\include\iosfwd(292): error C2065: '_Elem': undeclared identifier
G:\visual studio real\VC\Tools\MSVC\14.11.25503\include\iosfwd(292): fatal error C1003: error count exceeds 100; stopping compilation
  batchrenderer2D.cpp
G:\visual studio real\VC\Tools\MSVC\14.11.25503\include\algorithm(57): error C4430: missing type specifier - int assumed. Note: C++ does not support default-int
  G:\visual studio real\VC\Tools\MSVC\14.11.25503\include\algorithm(93): note: see reference to class template instantiation 'std::_Temporary_range<_Ty>' being compiled
G:\visual studio real\VC\Tools\MSVC\14.11.25503\include\algorithm(57): error C2988: unrecognizable template declaration/definition
G:\visual studio real\VC\Tools\MSVC\14.11.25503\include\algorithm(58): error C2143: syntax error: missing ',' before '<'
G:\visual studio real\VC\Tools\MSVC\14.11.25503\include\algorithm(199): error C2988: unrecognizable template declaration/definition
G:\visual studio real\VC\Tools\MSVC\14.11.25503\include\algorithm(199): error C2143: syntax error: missing ';' before '<'
G:\visual studio real\VC\Tools\MSVC\14.11.25503\include\algorithm(199): error C2433: '_Iter_diff_t': 'inline' not permitted on data declarations
G:\visual studio real\VC\Tools\MSVC\14.11.25503\include\algorithm(199): error C4430: missing type specifier - int assumed. Note: C++ does not support default-int
G:\visual studio real\VC\Tools\MSVC\14.11.25503\include\algorithm(199): error C2059: syntax error: '<'
G:\visual studio real\VC\Tools\MSVC\14.11.25503\include\algorithm(200): error C2143: syntax error: missing ';' before '{'
G:\visual studio real\VC\Tools\MSVC\14.11.25503\include\algorithm(200): error C2447: '{': missing function header (old-style formal list?)
G:\visual studio real\VC\Tools\MSVC\14.11.25503\include\algorithm(220): error C2988: unrecognizable template declaration/definition
G:\visual studio real\VC\Tools\MSVC\14.11.25503\include\algorithm(220): error C2143: syntax error: missing ';' before '<'
G:\visual studio real\VC\Tools\MSVC\14.11.25503\include\algorithm(220): error C2433: 'pair': 'inline' not permitted on data declarations
G:\visual studio real\VC\Tools\MSVC\14.11.25503\include\algorithm(220): error C4430: missing type specifier - int assumed. Note: C++ does not support default-int
G:\visual studio real\VC\Tools\MSVC\14.11.25503\include\algorithm(220): error C2059: syntax error: '<'
G:\visual studio real\VC\Tools\MSVC\14.11.25503\include\algorithm(222): error C2143: syntax error: missing ';' before '{'
G:\visual studio real\VC\Tools\MSVC\14.11.25503\include\algorithm(222): error C2447: '{': missing function header (old-style formal list?)
G:\visual studio real\VC\Tools\MSVC\14.11.25503\include\algorithm(239): error C2988: unrecognizable template declaration/definition
G:\visual studio real\VC\Tools\MSVC\14.11.25503\include\algorithm(239): error C2143: syntax error: missing ';' before '<'
G:\visual studio real\VC\Tools\MSVC\14.11.25503\include\algorithm(239): error C2433: 'pair': 'inline' not permitted on data declarations
G:\visual studio real\VC\Tools\MSVC\14.11.25503\include\algorithm(239): error C4430: missing type specifier - int assumed. Note: C++ does not support default-int
G:\visual studio real\VC\Tools\MSVC\14.11.25503\include\algorithm(239): error C2374: 'std::pair': redefinition; multiple initialization
  G:\visual studio real\VC\Tools\MSVC\14.11.25503\include\algorithm(220): note: see declaration of 'std::pair'
G:\visual studio real\VC\Tools\MSVC\14.11.25503\include\algorithm(239): error C2059: syntax error: '<'
G:\visual studio real\VC\Tools\MSVC\14.11.25503\include\algorithm(241): error C2143: syntax error: missing ';' before '{'
G:\visual studio real\VC\Tools\MSVC\14.11.25503\include\algorithm(241): error C2447: '{': missing function header (old-style formal list?)
G:\visual studio real\VC\Tools\MSVC\14.11.25503\include\algorithm(263): error C2988: unrecognizable template declaration/definition
G:\visual studio real\VC\Tools\MSVC\14.11.25503\include\algorithm(263): error C2143: syntax error: missing ';' before '<'
G:\visual studio real\VC\Tools\MSVC\14.11.25503\include\algorithm(263): error C2433: 'pair': 'inline' not permitted on data declarations
G:\visual studio real\VC\Tools\MSVC\14.11.25503\include\algorithm(263): error C4430: missing type specifier - int assumed. Note: C++ does not support default-int
G:\visual studio real\VC\Tools\MSVC\14.11.25503\include\algorithm(263): error C2374: 'std::pair': redefinition; multiple initialization
  G:\visual studio real\VC\Tools\MSVC\14.11.25503\include\algorithm(220): note: see declaration of 'std::pair'
G:\visual studio real\VC\Tools\MSVC\14.11.25503\include\algorithm(263): error C2059: syntax error: '<'
G:\visual studio real\VC\Tools\MSVC\14.11.25503\include\algorithm(264): error C2143: syntax error: missing ';' before '{'
G:\visual studio real\VC\Tools\MSVC\14.11.25503\include\algorithm(264): error C2447: '{': missing function header (old-style formal list?)
G:\visual studio real\VC\Tools\MSVC\14.11.25503\include\algorithm(282): error C2988: unrecognizable template declaration/definition
G:\visual studio real\VC\Tools\MSVC\14.11.25503\include\algorithm(282): error C2143: syntax error: missing ';' before '<'
G:\visual studio real\VC\Tools\MSVC\14.11.25503\include\algorithm(282): error C2433: 'pair': 'inline' not permitted on data declarations
G:\visual studio real\VC\Tools\MSVC\14.11.25503\include\algorithm(282): error C4430: missing type specifier - int assumed. Note: C++ does not support default-int
G:\visual studio real\VC\Tools\MSVC\14.11.25503\include\algorithm(282): error C2374: 'std::pair': redefinition; multiple initialization
  G:\visual studio real\VC\Tools\MSVC\14.11.25503\include\algorithm(220): note: see declaration of 'std::pair'
G:\visual studio real\VC\Tools\MSVC\14.11.25503\include\algorithm(282): error C2059: syntax error: '<'
G:\visual studio real\VC\Tools\MSVC\14.11.25503\include\algorithm(284): error C2143: syntax error: missing ';' before '{'
G:\visual studio real\VC\Tools\MSVC\14.11.25503\include\algorithm(284): error C2447: '{': missing function header (old-style formal list?)
G:\visual studio real\VC\Tools\MSVC\14.11.25503\include\algorithm(303): error C2988: unrecognizable template declaration/definition
G:\visual studio real\VC\Tools\MSVC\14.11.25503\include\algorithm(303): error C2143: syntax error: missing ';' before '<'
G:\visual studio real\VC\Tools\MSVC\14.11.25503\include\algorithm(303): error C2433: 'pair': 'inline' not permitted on data declarations
G:\visual studio real\VC\Tools\MSVC\14.11.25503\include\algorithm(303): error C4430: missing type specifier - int assumed. Note: C++ does not support default-int
G:\visual studio real\VC\Tools\MSVC\14.11.25503\include\algorithm(303): error C2374: 'std::pair': redefinition; multiple initialization
  G:\visual studio real\VC\Tools\MSVC\14.11.25503\include\algorithm(220): note: see declaration of 'std::pair'
G:\visual studio real\VC\Tools\MSVC\14.11.25503\include\algorithm(303): error C2059: syntax error: '<'
G:\visual studio real\VC\Tools\MSVC\14.11.25503\include\algorithm(304): error C2143: syntax error: missing ';' before '{'
G:\visual studio real\VC\Tools\MSVC\14.11.25503\include\algorithm(304): error C2447: '{': missing function header (old-style formal list?)
G:\visual studio real\VC\Tools\MSVC\14.11.25503\include\algorithm(434): error C2988: unrecognizable template declaration/definition
G:\visual studio real\VC\Tools\MSVC\14.11.25503\include\algorithm(434): error C2143: syntax error: missing ';' before '<'
G:\visual studio real\VC\Tools\MSVC\14.11.25503\include\algorithm(434): error C2433: 'pair': 'inline' not permitted on data declarations
G:\visual studio real\VC\Tools\MSVC\14.11.25503\include\algorithm(434): error C4430: missing type specifier - int assumed. Note: C++ does not support default-int
G:\visual studio real\VC\Tools\MSVC\14.11.25503\include\algorithm(434): error C2374: 'std::pair': redefinition; multiple initialization
  G:\visual studio real\VC\Tools\MSVC\14.11.25503\include\algorithm(220): note: see declaration of 'std::pair'
G:\visual studio real\VC\Tools\MSVC\14.11.25503\include\algorithm(434): error C2059: syntax error: '<'
G:\visual studio real\VC\Tools\MSVC\14.11.25503\include\algorithm(437): error C2143: syntax error: missing ';' before '{'
G:\visual studio real\VC\Tools\MSVC\14.11.25503\include\algorithm(437): error C2447: '{': missing function header (old-style formal list?)
G:\visual studio real\VC\Tools\MSVC\14.11.25503\include\algorithm(464): error C2988: unrecognizable template declaration/definition
G:\visual studio real\VC\Tools\MSVC\14.11.25503\include\algorithm(464): error C2143: syntax error: missing ';' before '<'
G:\visual studio real\VC\Tools\MSVC\14.11.25503\include\algorithm(464): error C2433: 'pair': 'inline' not permitted on data declarations
G:\visual studio real\VC\Tools\MSVC\14.11.25503\include\algorithm(464): error C4430: missing type specifier - int assumed. Note: C++ does not support default-int
G:\visual studio real\VC\Tools\MSVC\14.11.25503\include\algorithm(464): error C2374: 'std::pair': redefinition; multiple initialization
  G:\visual studio real\VC\Tools\MSVC\14.11.25503\include\algorithm(220): note: see declaration of 'std::pair'
G:\visual studio real\VC\Tools\MSVC\14.11.25503\include\algorithm(464): error C2059: syntax error: '<'
G:\visual studio real\VC\Tools\MSVC\14.11.25503\include\algorithm(467): error C2143: syntax error: missing ';' before '{'
G:\visual studio real\VC\Tools\MSVC\14.11.25503\include\algorithm(467): error C2447: '{': missing function header (old-style formal list?)
G:\visual studio real\VC\Tools\MSVC\14.11.25503\include\algorithm(584): error C2061: syntax error: identifier 'forward_iterator_tag'
G:\visual studio real\VC\Tools\MSVC\14.11.25503\include\algorithm(604): error C2061: syntax error: identifier 'random_access_iterator_tag'
G:\visual studio real\VC\Tools\MSVC\14.11.25503\include\algorithm(620): error C2995: '_FwdItHaystack std::_Search_unchecked(_FwdItHaystack,_FwdItHaystack,_FwdItPat,_FwdItPat,_Pr &)': function template has already been defined
  G:\visual studio real\VC\Tools\MSVC\14.11.25503\include\algorithm(582): note: see declaration of 'std::_Search_unchecked'
G:\visual studio real\VC\Tools\MSVC\14.11.25503\include\algorithm(661): error C2061: syntax error: identifier 'forward_iterator_tag'
G:\visual studio real\VC\Tools\MSVC\14.11.25503\include\algorithm(700): error C2061: syntax error: identifier 'random_access_iterator_tag'
G:\visual studio real\VC\Tools\MSVC\14.11.25503\include\algorithm(753): error C2995: '_FwdIt std::_Search_n_unchecked(_FwdIt,_FwdIt,_Diff,const _Ty &,_Pr &)': function template has already been defined
  G:\visual studio real\VC\Tools\MSVC\14.11.25503\include\algorithm(660): note: see declaration of 'std::_Search_n_unchecked'
G:\visual studio real\VC\Tools\MSVC\14.11.25503\include\algorithm(1382): error C2061: syntax error: identifier '_Any_tag'
G:\visual studio real\VC\Tools\MSVC\14.11.25503\include\algorithm(1761): error C2061: syntax error: identifier 'forward_iterator_tag'
G:\visual studio real\VC\Tools\MSVC\14.11.25503\include\algorithm(1788): error C2061: syntax error: identifier 'bidirectional_iterator_tag'
G:\visual studio real\VC\Tools\MSVC\14.11.25503\include\algorithm(1814): error C2995: '_FwdIt std::_Partition_unchecked(_FwdIt,_FwdIt,_Pr &)': function template has already been defined
  G:\visual studio real\VC\Tools\MSVC\14.11.25503\include\algorithm(1760): note: see declaration of 'std::_Partition_unchecked'
G:\visual studio real\VC\Tools\MSVC\14.11.25503\include\algorithm(1868): error C2988: unrecognizable template declaration/definition
G:\visual studio real\VC\Tools\MSVC\14.11.25503\include\algorithm(1868): error C2143: syntax error: missing ';' before '<'
G:\visual studio real\VC\Tools\MSVC\14.11.25503\include\algorithm(1868): error C2433: 'pair': 'inline' not permitted on data declarations
G:\visual studio real\VC\Tools\MSVC\14.11.25503\include\algorithm(1868): error C4430: missing type specifier - int assumed. Note: C++ does not support default-int
G:\visual studio real\VC\Tools\MSVC\14.11.25503\include\algorithm(1868): error C2374: 'std::pair': redefinition; multiple initialization
  G:\visual studio real\VC\Tools\MSVC\14.11.25503\include\algorithm(220): note: see declaration of 'std::pair'
G:\visual studio real\VC\Tools\MSVC\14.11.25503\include\algorithm(1868): error C2059: syntax error: '<'
G:\visual studio real\VC\Tools\MSVC\14.11.25503\include\algorithm(1869): error C2065: '_Ty': undeclared identifier
G:\visual studio real\VC\Tools\MSVC\14.11.25503\include\algorithm(1869): error C2923: 'std::_Temporary_buffer': '_Ty' is not a valid template type argument for parameter '_Ty'
G:\visual studio real\VC\Tools\MSVC\14.11.25503\include\algorithm(1870): error C2143: syntax error: missing ';' before '{'
G:\visual studio real\VC\Tools\MSVC\14.11.25503\include\algorithm(1870): error C2447: '{': missing function header (old-style formal list?)
G:\visual studio real\VC\Tools\MSVC\14.11.25503\include\algorithm(2316): error C2988: unrecognizable template declaration/definition
G:\visual studio real\VC\Tools\MSVC\14.11.25503\include\algorithm(2316): error C2143: syntax error: missing ';' before '<'
G:\visual studio real\VC\Tools\MSVC\14.11.25503\include\algorithm(2316): error C2433: 'pair': 'inline' not permitted on data declarations
G:\visual studio real\VC\Tools\MSVC\14.11.25503\include\algorithm(2316): error C4430: missing type specifier - int assumed. Note: C++ does not support default-int
G:\visual studio real\VC\Tools\MSVC\14.11.25503\include\algorithm(2316): error C2374: 'std::pair': redefinition; multiple initialization
  G:\visual studio real\VC\Tools\MSVC\14.11.25503\include\algorithm(220): note: see declaration of 'std::pair'
G:\visual studio real\VC\Tools\MSVC\14.11.25503\include\algorithm(2316): error C2059: syntax error: '<'
G:\visual studio real\VC\Tools\MSVC\14.11.25503\include\algorithm(2319): error C2143: syntax error: missing ';' before '{'
G:\visual studio real\VC\Tools\MSVC\14.11.25503\include\algorithm(2319): error C2447: '{': missing function header (old-style formal list?)
G:\visual studio real\VC\Tools\MSVC\14.11.25503\include\algorithm(2350): error C2988: unrecognizable template declaration/definition
G:\visual studio real\VC\Tools\MSVC\14.11.25503\include\algorithm(2350): error C2143: syntax error: missing ';' before '<'
G:\visual studio real\VC\Tools\MSVC\14.11.25503\include\algorithm(2350): error C2433: 'pair': 'inline' not permitted on data declarations
G:\visual studio real\VC\Tools\MSVC\14.11.25503\include\algorithm(2350): error C4430: missing type specifier - int assumed. Note: C++ does not support default-int
G:\visual studio real\VC\Tools\MSVC\14.11.25503\include\algorithm(2350): error C2374: 'std::pair': redefinition; multiple initialization
  G:\visual studio real\VC\Tools\MSVC\14.11.25503\include\algorithm(220): note: see declaration of 'std::pair'
G:\visual studio real\VC\Tools\MSVC\14.11.25503\include\algorithm(2350): error C2059: syntax error: '<'
G:\visual studio real\VC\Tools\MSVC\14.11.25503\include\algorithm(2353): error C2143: syntax error: missing ';' before '{'
G:\visual studio real\VC\Tools\MSVC\14.11.25503\include\algorithm(2353): error C2447: '{': missing function header (old-style formal list?)
G:\visual studio real\VC\Tools\MSVC\14.11.25503\include\algorithm(2362): error C2988: unrecognizable template declaration/definition
G:\visual studio real\VC\Tools\MSVC\14.11.25503\include\algorithm(2362): error C2143: syntax error: missing ';' before '<'
G:\visual studio real\VC\Tools\MSVC\14.11.25503\include\algorithm(2362): error C2433: 'pair': 'inline' not permitted on data declarations
G:\visual studio real\VC\Tools\MSVC\14.11.25503\include\algorithm(2362): error C4430: missing type specifier - int assumed. Note: C++ does not support default-int
G:\visual studio real\VC\Tools\MSVC\14.11.25503\include\algorithm(2362): error C2374: 'std::pair': redefinition; multiple initialization
  G:\visual studio real\VC\Tools\MSVC\14.11.25503\include\algorithm(220): note: see declaration of 'std::pair'
G:\visual studio real\VC\Tools\MSVC\14.11.25503\include\algorithm(2362): error C2059: syntax error: '<'
G:\visual studio real\VC\Tools\MSVC\14.11.25503\include\algorithm(2365): error C2143: syntax error: missing ';' before '{'
G:\visual studio real\VC\Tools\MSVC\14.11.25503\include\algorithm(2365): error C2447: '{': missing function header (old-style formal list?)
G:\visual studio real\VC\Tools\MSVC\14.11.25503\include\algorithm(2400): error C2433: '_Distance_unknown': 'inline' not permitted on data declarations
G:\visual studio real\VC\Tools\MSVC\14.11.25503\include\algorithm(2400): error C4430: missing type specifier - int assumed. Note: C++ does not support default-int
G:\visual studio real\VC\Tools\MSVC\14.11.25503\include\algorithm(2400): error C2146: syntax error: missing ';' before identifier '_Idl_dist_add'
G:\visual studio real\VC\Tools\MSVC\14.11.25503\include\algorithm(2401): error C2448: 'std::_Idl_dist_add': function-style initializer appears to be a function definition
G:\visual studio real\VC\Tools\MSVC\14.11.25503\include\algorithm(2406): error C2433: '_Distance_unknown': 'inline' not permitted on data declarations
G:\visual studio real\VC\Tools\MSVC\14.11.25503\include\algorithm(2406): error C4430: missing type specifier - int assumed. Note: C++ does not support default-int
G:\visual studio real\VC\Tools\MSVC\14.11.25503\include\algorithm(2406): error C2086: 'int std::_Distance_unknown': redefinition
  G:\visual studio real\VC\Tools\MSVC\14.11.25503\include\algorithm(2400): note: see declaration of 'std::_Distance_unknown'
G:\visual studio real\VC\Tools\MSVC\14.11.25503\include\algorithm(2406): fatal error C1003: error count exceeds 100; stopping compilation
  sprite.cpp
d:\githubbitengine\bitengine\bitengine-core\src\graphics\2d\renderable2D.h(3): warning C4067: unexpected tokens following preprocessor directive - expected a newline
d:\githubbitengine\bitengine\bitengine-core\src\maths\maths_func.h(9): warning C4244: 'return': conversion from 'double' to 'float', possible loss of data
G:\visual studio real\VC\Tools\MSVC\14.11.25503\include\iosfwd(480): error C2039: 'strlen': is not a member of '`global namespace''
G:\visual studio real\VC\Tools\MSVC\14.11.25503\include\iosfwd(480): error C3861: 'strlen': identifier not found
G:\visual studio real\VC\Tools\MSVC\14.11.25503\include\xhash(41): error C2039: 'strlen': is not a member of '`global namespace''
G:\visual studio real\VC\Tools\MSVC\14.11.25503\include\xhash(41): error C3861: 'strlen': identifier not found
G:\visual studio real\VC\Tools\MSVC\14.11.25503\include\cstring(12): error C2039: 'strcat': is not a member of '`global namespace''
G:\visual studio real\VC\Tools\MSVC\14.11.25503\include\cstring(12): error C2873: 'strcat': symbol cannot be used in a using-declaration
G:\visual studio real\VC\Tools\MSVC\14.11.25503\include\cstring(12): error C2039: 'strcmp': is not a member of '`global namespace''
G:\visual studio real\VC\Tools\MSVC\14.11.25503\include\cstring(12): error C2873: 'strcmp': symbol cannot be used in a using-declaration
G:\visual studio real\VC\Tools\MSVC\14.11.25503\include\cstring(13): error C2039: 'strcoll': is not a member of '`global namespace''
G:\visual studio real\VC\Tools\MSVC\14.11.25503\include\cstring(13): error C2873: 'strcoll': symbol cannot be used in a using-declaration
G:\visual studio real\VC\Tools\MSVC\14.11.25503\include\cstring(13): error C2039: 'strcpy': is not a member of '`global namespace''
G:\visual studio real\VC\Tools\MSVC\14.11.25503\include\cstring(13): error C2873: 'strcpy': symbol cannot be used in a using-declaration
G:\visual studio real\VC\Tools\MSVC\14.11.25503\include\cstring(13): error C2039: 'strcspn': is not a member of '`global namespace''
G:\visual studio real\VC\Tools\MSVC\14.11.25503\include\cstring(13): error C2873: 'strcspn': symbol cannot be used in a using-declaration
G:\visual studio real\VC\Tools\MSVC\14.11.25503\include\cstring(14): error C2039: 'strerror': is not a member of '`global namespace''
G:\visual studio real\VC\Tools\MSVC\14.11.25503\include\cstring(14): error C2873: 'strerror': symbol cannot be used in a using-declaration
G:\visual studio real\VC\Tools\MSVC\14.11.25503\include\cstring(14): error C2039: 'strlen': is not a member of '`global namespace''
G:\visual studio real\VC\Tools\MSVC\14.11.25503\include\cstring(14): error C2873: 'strlen': symbol cannot be used in a using-declaration
G:\visual studio real\VC\Tools\MSVC\14.11.25503\include\cstring(14): error C2039: 'strncat': is not a member of '`global namespace''
G:\visual studio real\VC\Tools\MSVC\14.11.25503\include\cstring(14): error C2873: 'strncat': symbol cannot be used in a using-declaration
G:\visual studio real\VC\Tools\MSVC\14.11.25503\include\cstring(15): error C2039: 'strncmp': is not a member of '`global namespace''
G:\visual studio real\VC\Tools\MSVC\14.11.25503\include\cstring(15): error C2873: 'strncmp': symbol cannot be used in a using-declaration
G:\visual studio real\VC\Tools\MSVC\14.11.25503\include\cstring(15): error C2039: 'strncpy': is not a member of '`global namespace''
G:\visual studio real\VC\Tools\MSVC\14.11.25503\include\cstring(15): error C2873: 'strncpy': symbol cannot be used in a using-declaration
G:\visual studio real\VC\Tools\MSVC\14.11.25503\include\cstring(15): error C2039: 'strpbrk': is not a member of '`global namespace''
G:\visual studio real\VC\Tools\MSVC\14.11.25503\include\cstring(15): error C2873: 'strpbrk': symbol cannot be used in a using-declaration
G:\visual studio real\VC\Tools\MSVC\14.11.25503\include\cstring(16): error C2039: 'strspn': is not a member of '`global namespace''
G:\visual studio real\VC\Tools\MSVC\14.11.25503\include\cstring(16): error C2873: 'strspn': symbol cannot be used in a using-declaration
G:\visual studio real\VC\Tools\MSVC\14.11.25503\include\cstring(17): error C2039: 'strtok': is not a member of '`global namespace''
G:\visual studio real\VC\Tools\MSVC\14.11.25503\include\cstring(17): error C2873: 'strtok': symbol cannot be used in a using-declaration
G:\visual studio real\VC\Tools\MSVC\14.11.25503\include\cstring(17): error C2039: 'strxfrm': is not a member of '`global namespace''
G:\visual studio real\VC\Tools\MSVC\14.11.25503\include\cstring(17): error C2873: 'strxfrm': symbol cannot be used in a using-declaration
G:\visual studio real\VC\Tools\MSVC\14.11.25503\include\xlocale(480): error C2039: 'strcmp': is not a member of '`global namespace''
G:\visual studio real\VC\Tools\MSVC\14.11.25503\include\xlocale(480): error C3861: 'strcmp': identifier not found
G:\visual studio real\VC\Tools\MSVC\14.11.25503\include\xlocale(691): error C2039: 'strlen': is not a member of '`global namespace''
G:\visual studio real\VC\Tools\MSVC\14.11.25503\include\xlocale(691): error C3861: 'strlen': identifier not found
G:\visual studio real\VC\Tools\MSVC\14.11.25503\include\xlocale(727): error C2039: 'strlen': is not a member of '`global namespace''
G:\visual studio real\VC\Tools\MSVC\14.11.25503\include\xlocale(727): error C3861: 'strlen': identifier not found
G:\visual studio real\VC\Tools\MSVC\14.11.25503\include\xlocale(1640): error C2039: 'strlen': is not a member of '`global namespace''
G:\visual studio real\VC\Tools\MSVC\14.11.25503\include\xlocale(1640): error C3861: 'strlen': identifier not found
G:\visual studio real\VC\Tools\MSVC\14.11.25503\include\xlocale(1755): error C2039: 'strlen': is not a member of '`global namespace''
G:\visual studio real\VC\Tools\MSVC\14.11.25503\include\xlocale(1755): error C3861: 'strlen': identifier not found
G:\visual studio real\VC\Tools\MSVC\14.11.25503\include\xlocale(1889): error C2039: 'strlen': is not a member of '`global namespace''
G:\visual studio real\VC\Tools\MSVC\14.11.25503\include\xlocale(1889): error C3861: 'strlen': identifier not found
G:\visual studio real\VC\Tools\MSVC\14.11.25503\include\xlocale(2004): error C2039: 'strlen': is not a member of '`global namespace''
G:\visual studio real\VC\Tools\MSVC\14.11.25503\include\xlocale(2004): error C3861: 'strlen': identifier not found
d:\githubbitengine\bitengine\bitengine-core\src\graphics\2d\renderable2D.h(4): warning C4067: unexpected tokens following preprocessor directive - expected a newline
d:\githubbitengine\bitengine\bitengine-core\src\graphics\2d\renderable2D.h(5): warning C4067: unexpected tokens following preprocessor directive - expected a newline
d:\githubbitengine\bitengine\bitengine-core\src\graphics\2d\renderable2D.h(11): warning C4067: unexpected tokens following preprocessor directive - expected a newline
d:\githubbitengine\bitengine\bitengine-core\src\graphics\../utils/FileUtils.h(54): error C3861: 'strcmp': identifier not found
d:\githubbitengine\bitengine\bitengine-core\src\graphics\../utils/FileUtils.h(59): error C3861: 'strcmp': identifier not found
d:\githubbitengine\bitengine\bitengine-core\src\graphics\../utils/FileUtils.h(64): error C3861: 'strcmp': identifier not found
d:\githubbitengine\bitengine\bitengine-core\src\graphics\../utils/FileUtils.h(69): error C3861: 'strcmp': identifier not found
  texture.cpp
G:\visual studio real\VC\Tools\MSVC\14.11.25503\include\iosfwd(480): error C2039: 'strlen': is not a member of '`global namespace''
G:\visual studio real\VC\Tools\MSVC\14.11.25503\include\iosfwd(480): error C3861: 'strlen': identifier not found
G:\visual studio real\VC\Tools\MSVC\14.11.25503\include\sstream(28): error C2061: syntax error: identifier 'openmode'
  G:\visual studio real\VC\Tools\MSVC\14.11.25503\include\sstream(372): note: see reference to class template instantiation 'std::basic_stringbuf<_Elem,_Traits,_Alloc>' being compiled
G:\visual studio real\VC\Tools\MSVC\14.11.25503\include\sstream(34): error C2061: syntax error: identifier 'openmode'
G:\visual studio real\VC\Tools\MSVC\14.11.25503\include\sstream(225): error C2061: syntax error: identifier 'seekdir'
G:\visual studio real\VC\Tools\MSVC\14.11.25503\include\sstream(275): error C2061: syntax error: identifier 'openmode'
G:\visual studio real\VC\Tools\MSVC\14.11.25503\include\sstream(355): error C2061: syntax error: identifier 'openmode'
G:\visual studio real\VC\Tools\MSVC\14.11.25503\include\sstream(398): error C2061: syntax error: identifier 'openmode'
  G:\visual studio real\VC\Tools\MSVC\14.11.25503\include\sstream(465): note: see reference to class template instantiation 'std::basic_istringstream<_Elem,_Traits,_Alloc>' being compiled
G:\visual studio real\VC\Tools\MSVC\14.11.25503\include\sstream(404): error C2061: syntax error: identifier 'openmode'
G:\visual studio real\VC\Tools\MSVC\14.11.25503\include\sstream(491): error C2061: syntax error: identifier 'openmode'
  G:\visual studio real\VC\Tools\MSVC\14.11.25503\include\sstream(558): note: see reference to class template instantiation 'std::basic_ostringstream<_Elem,_Traits,_Alloc>' being compiled
G:\visual studio real\VC\Tools\MSVC\14.11.25503\include\sstream(497): error C2061: syntax error: identifier 'openmode'
G:\visual studio real\VC\Tools\MSVC\14.11.25503\include\sstream(589): error C2061: syntax error: identifier 'openmode'
  G:\visual studio real\VC\Tools\MSVC\14.11.25503\include\sstream(657): note: see reference to class template instantiation 'std::basic_stringstream<_Elem,_Traits,_Alloc>' being compiled
G:\visual studio real\VC\Tools\MSVC\14.11.25503\include\sstream(596): error C2061: syntax error: identifier 'openmode'
G:\visual studio real\VC\Tools\MSVC\14.11.25503\include\xhash(41): error C2039: 'strlen': is not a member of '`global namespace''
G:\visual studio real\VC\Tools\MSVC\14.11.25503\include\xhash(41): error C3861: 'strlen': identifier not found
G:\visual studio real\VC\Tools\MSVC\14.11.25503\include\cstring(12): error C2039: 'strcat': is not a member of '`global namespace''
G:\visual studio real\VC\Tools\MSVC\14.11.25503\include\cstring(12): error C2873: 'strcat': symbol cannot be used in a using-declaration
G:\visual studio real\VC\Tools\MSVC\14.11.25503\include\cstring(12): error C2039: 'strcmp': is not a member of '`global namespace''
G:\visual studio real\VC\Tools\MSVC\14.11.25503\include\cstring(12): error C2873: 'strcmp': symbol cannot be used in a using-declaration
G:\visual studio real\VC\Tools\MSVC\14.11.25503\include\cstring(13): error C2039: 'strcoll': is not a member of '`global namespace''
G:\visual studio real\VC\Tools\MSVC\14.11.25503\include\cstring(13): error C2873: 'strcoll': symbol cannot be used in a using-declaration
G:\visual studio real\VC\Tools\MSVC\14.11.25503\include\cstring(13): error C2039: 'strcpy': is not a member of '`global namespace''
G:\visual studio real\VC\Tools\MSVC\14.11.25503\include\cstring(13): error C2873: 'strcpy': symbol cannot be used in a using-declaration
G:\visual studio real\VC\Tools\MSVC\14.11.25503\include\cstring(13): error C2039: 'strcspn': is not a member of '`global namespace''
G:\visual studio real\VC\Tools\MSVC\14.11.25503\include\cstring(13): error C2873: 'strcspn': symbol cannot be used in a using-declaration
G:\visual studio real\VC\Tools\MSVC\14.11.25503\include\cstring(14): error C2039: 'strerror': is not a member of '`global namespace''
G:\visual studio real\VC\Tools\MSVC\14.11.25503\include\cstring(14): error C2873: 'strerror': symbol cannot be used in a using-declaration
G:\visual studio real\VC\Tools\MSVC\14.11.25503\include\cstring(14): error C2039: 'strlen': is not a member of '`global namespace''
G:\visual studio real\VC\Tools\MSVC\14.11.25503\include\cstring(14): error C2873: 'strlen': symbol cannot be used in a using-declaration
G:\visual studio real\VC\Tools\MSVC\14.11.25503\include\cstring(14): error C2039: 'strncat': is not a member of '`global namespace''
G:\visual studio real\VC\Tools\MSVC\14.11.25503\include\cstring(14): error C2873: 'strncat': symbol cannot be used in a using-declaration
G:\visual studio real\VC\Tools\MSVC\14.11.25503\include\cstring(15): error C2039: 'strncmp': is not a member of '`global namespace''
G:\visual studio real\VC\Tools\MSVC\14.11.25503\include\cstring(15): error C2873: 'strncmp': symbol cannot be used in a using-declaration
G:\visual studio real\VC\Tools\MSVC\14.11.25503\include\cstring(15): error C2039: 'strncpy': is not a member of '`global namespace''
G:\visual studio real\VC\Tools\MSVC\14.11.25503\include\cstring(15): error C2873: 'strncpy': symbol cannot be used in a using-declaration
G:\visual studio real\VC\Tools\MSVC\14.11.25503\include\cstring(15): error C2039: 'strpbrk': is not a member of '`global namespace''
G:\visual studio real\VC\Tools\MSVC\14.11.25503\include\cstring(15): error C2873: 'strpbrk': symbol cannot be used in a using-declaration
G:\visual studio real\VC\Tools\MSVC\14.11.25503\include\cstring(16): error C2039: 'strspn': is not a member of '`global namespace''
G:\visual studio real\VC\Tools\MSVC\14.11.25503\include\cstring(16): error C2873: 'strspn': symbol cannot be used in a using-declaration
G:\visual studio real\VC\Tools\MSVC\14.11.25503\include\cstring(17): error C2039: 'strtok': is not a member of '`global namespace''
G:\visual studio real\VC\Tools\MSVC\14.11.25503\include\cstring(17): error C2873: 'strtok': symbol cannot be used in a using-declaration
G:\visual studio real\VC\Tools\MSVC\14.11.25503\include\cstring(17): error C2039: 'strxfrm': is not a member of '`global namespace''
G:\visual studio real\VC\Tools\MSVC\14.11.25503\include\cstring(17): error C2873: 'strxfrm': symbol cannot be used in a using-declaration
G:\visual studio real\VC\Tools\MSVC\14.11.25503\include\xlocale(480): error C2039: 'strcmp': is not a member of '`global namespace''
G:\visual studio real\VC\Tools\MSVC\14.11.25503\include\xlocale(480): error C3861: 'strcmp': identifier not found
G:\visual studio real\VC\Tools\MSVC\14.11.25503\include\xlocale(691): error C2039: 'strlen': is not a member of '`global namespace''
G:\visual studio real\VC\Tools\MSVC\14.11.25503\include\xlocale(691): error C3861: 'strlen': identifier not found
G:\visual studio real\VC\Tools\MSVC\14.11.25503\include\xlocale(727): error C2039: 'strlen': is not a member of '`global namespace''
G:\visual studio real\VC\Tools\MSVC\14.11.25503\include\xlocale(727): error C3861: 'strlen': identifier not found
G:\visual studio real\VC\Tools\MSVC\14.11.25503\include\xlocale(1640): error C2039: 'strlen': is not a member of '`global namespace''
G:\visual studio real\VC\Tools\MSVC\14.11.25503\include\xlocale(1640): error C3861: 'strlen': identifier not found
G:\visual studio real\VC\Tools\MSVC\14.11.25503\include\xlocale(1755): error C2039: 'strlen': is not a member of '`global namespace''
G:\visual studio real\VC\Tools\MSVC\14.11.25503\include\xlocale(1755): error C3861: 'strlen': identifier not found
G:\visual studio real\VC\Tools\MSVC\14.11.25503\include\xlocale(1889): error C2039: 'strlen': is not a member of '`global namespace''
G:\visual studio real\VC\Tools\MSVC\14.11.25503\include\xlocale(1889): error C3861: 'strlen': identifier not found
G:\visual studio real\VC\Tools\MSVC\14.11.25503\include\xlocale(2004): error C2039: 'strlen': is not a member of '`global namespace''
G:\visual studio real\VC\Tools\MSVC\14.11.25503\include\xlocale(2004): error C3861: 'strlen': identifier not found
  group.cpp
d:\githubbitengine\bitengine\bitengine-core\src\graphics\layers\../2D/renderable2D.h(3): warning C4067: unexpected tokens following preprocessor directive - expected a newline
d:\githubbitengine\bitengine\bitengine-core\src\maths\maths_func.h(9): warning C4244: 'return': conversion from 'double' to 'float', possible loss of data
G:\visual studio real\VC\Tools\MSVC\14.11.25503\include\iosfwd(480): error C2039: 'strlen': is not a member of '`global namespace''
G:\visual studio real\VC\Tools\MSVC\14.11.25503\include\iosfwd(480): error C3861: 'strlen': identifier not found
G:\visual studio real\VC\Tools\MSVC\14.11.25503\include\xhash(41): error C2039: 'strlen': is not a member of '`global namespace''
G:\visual studio real\VC\Tools\MSVC\14.11.25503\include\xhash(41): error C3861: 'strlen': identifier not found
G:\visual studio real\VC\Tools\MSVC\14.11.25503\include\cstring(12): error C2039: 'strcat': is not a member of '`global namespace''
G:\visual studio real\VC\Tools\MSVC\14.11.25503\include\cstring(12): error C2873: 'strcat': symbol cannot be used in a using-declaration
G:\visual studio real\VC\Tools\MSVC\14.11.25503\include\cstring(12): error C2039: 'strcmp': is not a member of '`global namespace''
G:\visual studio real\VC\Tools\MSVC\14.11.25503\include\cstring(12): error C2873: 'strcmp': symbol cannot be used in a using-declaration
G:\visual studio real\VC\Tools\MSVC\14.11.25503\include\cstring(13): error C2039: 'strcoll': is not a member of '`global namespace''
G:\visual studio real\VC\Tools\MSVC\14.11.25503\include\cstring(13): error C2873: 'strcoll': symbol cannot be used in a using-declaration
G:\visual studio real\VC\Tools\MSVC\14.11.25503\include\cstring(13): error C2039: 'strcpy': is not a member of '`global namespace''
G:\visual studio real\VC\Tools\MSVC\14.11.25503\include\cstring(13): error C2873: 'strcpy': symbol cannot be used in a using-declaration
G:\visual studio real\VC\Tools\MSVC\14.11.25503\include\cstring(13): error C2039: 'strcspn': is not a member of '`global namespace''
G:\visual studio real\VC\Tools\MSVC\14.11.25503\include\cstring(13): error C2873: 'strcspn': symbol cannot be used in a using-declaration
G:\visual studio real\VC\Tools\MSVC\14.11.25503\include\cstring(14): error C2039: 'strerror': is not a member of '`global namespace''
G:\visual studio real\VC\Tools\MSVC\14.11.25503\include\cstring(14): error C2873: 'strerror': symbol cannot be used in a using-declaration
G:\visual studio real\VC\Tools\MSVC\14.11.25503\include\cstring(14): error C2039: 'strlen': is not a member of '`global namespace''
G:\visual studio real\VC\Tools\MSVC\14.11.25503\include\cstring(14): error C2873: 'strlen': symbol cannot be used in a using-declaration
G:\visual studio real\VC\Tools\MSVC\14.11.25503\include\cstring(14): error C2039: 'strncat': is not a member of '`global namespace''
G:\visual studio real\VC\Tools\MSVC\14.11.25503\include\cstring(14): error C2873: 'strncat': symbol cannot be used in a using-declaration
G:\visual studio real\VC\Tools\MSVC\14.11.25503\include\cstring(15): error C2039: 'strncmp': is not a member of '`global namespace''
G:\visual studio real\VC\Tools\MSVC\14.11.25503\include\cstring(15): error C2873: 'strncmp': symbol cannot be used in a using-declaration
G:\visual studio real\VC\Tools\MSVC\14.11.25503\include\cstring(15): error C2039: 'strncpy': is not a member of '`global namespace''
G:\visual studio real\VC\Tools\MSVC\14.11.25503\include\cstring(15): error C2873: 'strncpy': symbol cannot be used in a using-declaration
G:\visual studio real\VC\Tools\MSVC\14.11.25503\include\cstring(15): error C2039: 'strpbrk': is not a member of '`global namespace''
G:\visual studio real\VC\Tools\MSVC\14.11.25503\include\cstring(15): error C2873: 'strpbrk': symbol cannot be used in a using-declaration
G:\visual studio real\VC\Tools\MSVC\14.11.25503\include\cstring(16): error C2039: 'strspn': is not a member of '`global namespace''
G:\visual studio real\VC\Tools\MSVC\14.11.25503\include\cstring(16): error C2873: 'strspn': symbol cannot be used in a using-declaration
G:\visual studio real\VC\Tools\MSVC\14.11.25503\include\cstring(17): error C2039: 'strtok': is not a member of '`global namespace''
G:\visual studio real\VC\Tools\MSVC\14.11.25503\include\cstring(17): error C2873: 'strtok': symbol cannot be used in a using-declaration
G:\visual studio real\VC\Tools\MSVC\14.11.25503\include\cstring(17): error C2039: 'strxfrm': is not a member of '`global namespace''
G:\visual studio real\VC\Tools\MSVC\14.11.25503\include\cstring(17): error C2873: 'strxfrm': symbol cannot be used in a using-declaration
G:\visual studio real\VC\Tools\MSVC\14.11.25503\include\xlocale(480): error C2039: 'strcmp': is not a member of '`global namespace''
G:\visual studio real\VC\Tools\MSVC\14.11.25503\include\xlocale(480): error C3861: 'strcmp': identifier not found
G:\visual studio real\VC\Tools\MSVC\14.11.25503\include\xlocale(691): error C2039: 'strlen': is not a member of '`global namespace''
G:\visual studio real\VC\Tools\MSVC\14.11.25503\include\xlocale(691): error C3861: 'strlen': identifier not found
G:\visual studio real\VC\Tools\MSVC\14.11.25503\include\xlocale(727): error C2039: 'strlen': is not a member of '`global namespace''
G:\visual studio real\VC\Tools\MSVC\14.11.25503\include\xlocale(727): error C3861: 'strlen': identifier not found
G:\visual studio real\VC\Tools\MSVC\14.11.25503\include\xlocale(1640): error C2039: 'strlen': is not a member of '`global namespace''
G:\visual studio real\VC\Tools\MSVC\14.11.25503\include\xlocale(1640): error C3861: 'strlen': identifier not found
G:\visual studio real\VC\Tools\MSVC\14.11.25503\include\xlocale(1755): error C2039: 'strlen': is not a member of '`global namespace''
G:\visual studio real\VC\Tools\MSVC\14.11.25503\include\xlocale(1755): error C3861: 'strlen': identifier not found
G:\visual studio real\VC\Tools\MSVC\14.11.25503\include\xlocale(1889): error C2039: 'strlen': is not a member of '`global namespace''
G:\visual studio real\VC\Tools\MSVC\14.11.25503\include\xlocale(1889): error C3861: 'strlen': identifier not found
G:\visual studio real\VC\Tools\MSVC\14.11.25503\include\xlocale(2004): error C2039: 'strlen': is not a member of '`global namespace''
G:\visual studio real\VC\Tools\MSVC\14.11.25503\include\xlocale(2004): error C3861: 'strlen': identifier not found
d:\githubbitengine\bitengine\bitengine-core\src\graphics\layers\../2D/renderable2D.h(4): warning C4067: unexpected tokens following preprocessor directive - expected a newline
d:\githubbitengine\bitengine\bitengine-core\src\graphics\layers\../2D/renderable2D.h(5): warning C4067: unexpected tokens following preprocessor directive - expected a newline
d:\githubbitengine\bitengine\bitengine-core\src\graphics\layers\../2D/renderable2D.h(11): warning C4067: unexpected tokens following preprocessor directive - expected a newline
d:\githubbitengine\bitengine\bitengine-core\src\graphics\../utils/FileUtils.h(54): error C3861: 'strcmp': identifier not found
d:\githubbitengine\bitengine\bitengine-core\src\graphics\../utils/FileUtils.h(59): error C3861: 'strcmp': identifier not found
d:\githubbitengine\bitengine\bitengine-core\src\graphics\../utils/FileUtils.h(64): error C3861: 'strcmp': identifier not found
d:\githubbitengine\bitengine\bitengine-core\src\graphics\../utils/FileUtils.h(69): error C3861: 'strcmp': identifier not found
  layer.cpp
G:\visual studio real\VC\Tools\MSVC\14.11.25503\include\algorithm(57): error C4430: missing type specifier - int assumed. Note: C++ does not support default-int
  G:\visual studio real\VC\Tools\MSVC\14.11.25503\include\algorithm(93): note: see reference to class template instantiation 'std::_Temporary_range<_Ty>' being compiled
G:\visual studio real\VC\Tools\MSVC\14.11.25503\include\algorithm(57): error C2988: unrecognizable template declaration/definition
G:\visual studio real\VC\Tools\MSVC\14.11.25503\include\algorithm(58): error C2143: syntax error: missing ',' before '<'
G:\visual studio real\VC\Tools\MSVC\14.11.25503\include\algorithm(199): error C2988: unrecognizable template declaration/definition
G:\visual studio real\VC\Tools\MSVC\14.11.25503\include\algorithm(199): error C2143: syntax error: missing ';' before '<'
G:\visual studio real\VC\Tools\MSVC\14.11.25503\include\algorithm(199): error C2433: '_Iter_diff_t': 'inline' not permitted on data declarations
G:\visual studio real\VC\Tools\MSVC\14.11.25503\include\algorithm(199): error C4430: missing type specifier - int assumed. Note: C++ does not support default-int
G:\visual studio real\VC\Tools\MSVC\14.11.25503\include\algorithm(199): error C2059: syntax error: '<'
G:\visual studio real\VC\Tools\MSVC\14.11.25503\include\algorithm(200): error C2143: syntax error: missing ';' before '{'
G:\visual studio real\VC\Tools\MSVC\14.11.25503\include\algorithm(200): error C2447: '{': missing function header (old-style formal list?)
G:\visual studio real\VC\Tools\MSVC\14.11.25503\include\algorithm(220): error C2988: unrecognizable template declaration/definition
G:\visual studio real\VC\Tools\MSVC\14.11.25503\include\algorithm(220): error C2143: syntax error: missing ';' before '<'
G:\visual studio real\VC\Tools\MSVC\14.11.25503\include\algorithm(220): error C2433: 'pair': 'inline' not permitted on data declarations
G:\visual studio real\VC\Tools\MSVC\14.11.25503\include\algorithm(220): error C4430: missing type specifier - int assumed. Note: C++ does not support default-int
G:\visual studio real\VC\Tools\MSVC\14.11.25503\include\algorithm(220): error C2059: syntax error: '<'
G:\visual studio real\VC\Tools\MSVC\14.11.25503\include\algorithm(222): error C2143: syntax error: missing ';' before '{'
G:\visual studio real\VC\Tools\MSVC\14.11.25503\include\algorithm(222): error C2447: '{': missing function header (old-style formal list?)
G:\visual studio real\VC\Tools\MSVC\14.11.25503\include\algorithm(239): error C2988: unrecognizable template declaration/definition
G:\visual studio real\VC\Tools\MSVC\14.11.25503\include\algorithm(239): error C2143: syntax error: missing ';' before '<'
G:\visual studio real\VC\Tools\MSVC\14.11.25503\include\algorithm(239): error C2433: 'pair': 'inline' not permitted on data declarations
G:\visual studio real\VC\Tools\MSVC\14.11.25503\include\algorithm(239): error C4430: missing type specifier - int assumed. Note: C++ does not support default-int
G:\visual studio real\VC\Tools\MSVC\14.11.25503\include\algorithm(239): error C2374: 'std::pair': redefinition; multiple initialization
  G:\visual studio real\VC\Tools\MSVC\14.11.25503\include\algorithm(220): note: see declaration of 'std::pair'
G:\visual studio real\VC\Tools\MSVC\14.11.25503\include\algorithm(239): error C2059: syntax error: '<'
G:\visual studio real\VC\Tools\MSVC\14.11.25503\include\algorithm(241): error C2143: syntax error: missing ';' before '{'
G:\visual studio real\VC\Tools\MSVC\14.11.25503\include\algorithm(241): error C2447: '{': missing function header (old-style formal list?)
G:\visual studio real\VC\Tools\MSVC\14.11.25503\include\algorithm(263): error C2988: unrecognizable template declaration/definition
G:\visual studio real\VC\Tools\MSVC\14.11.25503\include\algorithm(263): error C2143: syntax error: missing ';' before '<'
G:\visual studio real\VC\Tools\MSVC\14.11.25503\include\algorithm(263): error C2433: 'pair': 'inline' not permitted on data declarations
G:\visual studio real\VC\Tools\MSVC\14.11.25503\include\algorithm(263): error C4430: missing type specifier - int assumed. Note: C++ does not support default-int
G:\visual studio real\VC\Tools\MSVC\14.11.25503\include\algorithm(263): error C2374: 'std::pair': redefinition; multiple initialization
  G:\visual studio real\VC\Tools\MSVC\14.11.25503\include\algorithm(220): note: see declaration of 'std::pair'
G:\visual studio real\VC\Tools\MSVC\14.11.25503\include\algorithm(263): error C2059: syntax error: '<'
G:\visual studio real\VC\Tools\MSVC\14.11.25503\include\algorithm(264): error C2143: syntax error: missing ';' before '{'
G:\visual studio real\VC\Tools\MSVC\14.11.25503\include\algorithm(264): error C2447: '{': missing function header (old-style formal list?)
G:\visual studio real\VC\Tools\MSVC\14.11.25503\include\algorithm(282): error C2988: unrecognizable template declaration/definition
G:\visual studio real\VC\Tools\MSVC\14.11.25503\include\algorithm(282): error C2143: syntax error: missing ';' before '<'
G:\visual studio real\VC\Tools\MSVC\14.11.25503\include\algorithm(282): error C2433: 'pair': 'inline' not permitted on data declarations
G:\visual studio real\VC\Tools\MSVC\14.11.25503\include\algorithm(282): error C4430: missing type specifier - int assumed. Note: C++ does not support default-int
G:\visual studio real\VC\Tools\MSVC\14.11.25503\include\algorithm(282): error C2374: 'std::pair': redefinition; multiple initialization
  G:\visual studio real\VC\Tools\MSVC\14.11.25503\include\algorithm(220): note: see declaration of 'std::pair'
G:\visual studio real\VC\Tools\MSVC\14.11.25503\include\algorithm(282): error C2059: syntax error: '<'
G:\visual studio real\VC\Tools\MSVC\14.11.25503\include\algorithm(284): error C2143: syntax error: missing ';' before '{'
G:\visual studio real\VC\Tools\MSVC\14.11.25503\include\algorithm(284): error C2447: '{': missing function header (old-style formal list?)
G:\visual studio real\VC\Tools\MSVC\14.11.25503\include\algorithm(303): error C2988: unrecognizable template declaration/definition
G:\visual studio real\VC\Tools\MSVC\14.11.25503\include\algorithm(303): error C2143: syntax error: missing ';' before '<'
G:\visual studio real\VC\Tools\MSVC\14.11.25503\include\algorithm(303): error C2433: 'pair': 'inline' not permitted on data declarations
G:\visual studio real\VC\Tools\MSVC\14.11.25503\include\algorithm(303): error C4430: missing type specifier - int assumed. Note: C++ does not support default-int
G:\visual studio real\VC\Tools\MSVC\14.11.25503\include\algorithm(303): error C2374: 'std::pair': redefinition; multiple initialization
  G:\visual studio real\VC\Tools\MSVC\14.11.25503\include\algorithm(220): note: see declaration of 'std::pair'
G:\visual studio real\VC\Tools\MSVC\14.11.25503\include\algorithm(303): error C2059: syntax error: '<'
G:\visual studio real\VC\Tools\MSVC\14.11.25503\include\algorithm(304): error C2143: syntax error: missing ';' before '{'
G:\visual studio real\VC\Tools\MSVC\14.11.25503\include\algorithm(304): error C2447: '{': missing function header (old-style formal list?)
G:\visual studio real\VC\Tools\MSVC\14.11.25503\include\algorithm(434): error C2988: unrecognizable template declaration/definition
G:\visual studio real\VC\Tools\MSVC\14.11.25503\include\algorithm(434): error C2143: syntax error: missing ';' before '<'
G:\visual studio real\VC\Tools\MSVC\14.11.25503\include\algorithm(434): error C2433: 'pair': 'inline' not permitted on data declarations
G:\visual studio real\VC\Tools\MSVC\14.11.25503\include\algorithm(434): error C4430: missing type specifier - int assumed. Note: C++ does not support default-int
G:\visual studio real\VC\Tools\MSVC\14.11.25503\include\algorithm(434): error C2374: 'std::pair': redefinition; multiple initialization
  G:\visual studio real\VC\Tools\MSVC\14.11.25503\include\algorithm(220): note: see declaration of 'std::pair'
G:\visual studio real\VC\Tools\MSVC\14.11.25503\include\algorithm(434): error C2059: syntax error: '<'
G:\visual studio real\VC\Tools\MSVC\14.11.25503\include\algorithm(437): error C2143: syntax error: missing ';' before '{'
G:\visual studio real\VC\Tools\MSVC\14.11.25503\include\algorithm(437): error C2447: '{': missing function header (old-style formal list?)
G:\visual studio real\VC\Tools\MSVC\14.11.25503\include\algorithm(464): error C2988: unrecognizable template declaration/definition
G:\visual studio real\VC\Tools\MSVC\14.11.25503\include\algorithm(464): error C2143: syntax error: missing ';' before '<'
G:\visual studio real\VC\Tools\MSVC\14.11.25503\include\algorithm(464): error C2433: 'pair': 'inline' not permitted on data declarations
G:\visual studio real\VC\Tools\MSVC\14.11.25503\include\algorithm(464): error C4430: missing type specifier - int assumed. Note: C++ does not support default-int
G:\visual studio real\VC\Tools\MSVC\14.11.25503\include\algorithm(464): error C2374: 'std::pair': redefinition; multiple initialization
  G:\visual studio real\VC\Tools\MSVC\14.11.25503\include\algorithm(220): note: see declaration of 'std::pair'
G:\visual studio real\VC\Tools\MSVC\14.11.25503\include\algorithm(464): error C2059: syntax error: '<'
G:\visual studio real\VC\Tools\MSVC\14.11.25503\include\algorithm(467): error C2143: syntax error: missing ';' before '{'
G:\visual studio real\VC\Tools\MSVC\14.11.25503\include\algorithm(467): error C2447: '{': missing function header (old-style formal list?)
G:\visual studio real\VC\Tools\MSVC\14.11.25503\include\algorithm(584): error C2061: syntax error: identifier 'forward_iterator_tag'
G:\visual studio real\VC\Tools\MSVC\14.11.25503\include\algorithm(604): error C2061: syntax error: identifier 'random_access_iterator_tag'
G:\visual studio real\VC\Tools\MSVC\14.11.25503\include\algorithm(620): error C2995: '_FwdItHaystack std::_Search_unchecked(_FwdItHaystack,_FwdItHaystack,_FwdItPat,_FwdItPat,_Pr &)': function template has already been defined
  G:\visual studio real\VC\Tools\MSVC\14.11.25503\include\algorithm(582): note: see declaration of 'std::_Search_unchecked'
G:\visual studio real\VC\Tools\MSVC\14.11.25503\include\algorithm(661): error C2061: syntax error: identifier 'forward_iterator_tag'
G:\visual studio real\VC\Tools\MSVC\14.11.25503\include\algorithm(700): error C2061: syntax error: identifier 'random_access_iterator_tag'
G:\visual studio real\VC\Tools\MSVC\14.11.25503\include\algorithm(753): error C2995: '_FwdIt std::_Search_n_unchecked(_FwdIt,_FwdIt,_Diff,const _Ty &,_Pr &)': function template has already been defined
  G:\visual studio real\VC\Tools\MSVC\14.11.25503\include\algorithm(660): note: see declaration of 'std::_Search_n_unchecked'
G:\visual studio real\VC\Tools\MSVC\14.11.25503\include\algorithm(1382): error C2061: syntax error: identifier '_Any_tag'
G:\visual studio real\VC\Tools\MSVC\14.11.25503\include\algorithm(1761): error C2061: syntax error: identifier 'forward_iterator_tag'
G:\visual studio real\VC\Tools\MSVC\14.11.25503\include\algorithm(1788): error C2061: syntax error: identifier 'bidirectional_iterator_tag'
G:\visual studio real\VC\Tools\MSVC\14.11.25503\include\algorithm(1814): error C2995: '_FwdIt std::_Partition_unchecked(_FwdIt,_FwdIt,_Pr &)': function template has already been defined
  G:\visual studio real\VC\Tools\MSVC\14.11.25503\include\algorithm(1760): note: see declaration of 'std::_Partition_unchecked'
G:\visual studio real\VC\Tools\MSVC\14.11.25503\include\algorithm(1868): error C2988: unrecognizable template declaration/definition
G:\visual studio real\VC\Tools\MSVC\14.11.25503\include\algorithm(1868): error C2143: syntax error: missing ';' before '<'
G:\visual studio real\VC\Tools\MSVC\14.11.25503\include\algorithm(1868): error C2433: 'pair': 'inline' not permitted on data declarations
G:\visual studio real\VC\Tools\MSVC\14.11.25503\include\algorithm(1868): error C4430: missing type specifier - int assumed. Note: C++ does not support default-int
G:\visual studio real\VC\Tools\MSVC\14.11.25503\include\algorithm(1868): error C2374: 'std::pair': redefinition; multiple initialization
  G:\visual studio real\VC\Tools\MSVC\14.11.25503\include\algorithm(220): note: see declaration of 'std::pair'
G:\visual studio real\VC\Tools\MSVC\14.11.25503\include\algorithm(1868): error C2059: syntax error: '<'
G:\visual studio real\VC\Tools\MSVC\14.11.25503\include\algorithm(1869): error C2065: '_Ty': undeclared identifier
G:\visual studio real\VC\Tools\MSVC\14.11.25503\include\algorithm(1869): error C2923: 'std::_Temporary_buffer': '_Ty' is not a valid template type argument for parameter '_Ty'
G:\visual studio real\VC\Tools\MSVC\14.11.25503\include\algorithm(1870): error C2143: syntax error: missing ';' before '{'
G:\visual studio real\VC\Tools\MSVC\14.11.25503\include\algorithm(1870): error C2447: '{': missing function header (old-style formal list?)
G:\visual studio real\VC\Tools\MSVC\14.11.25503\include\algorithm(2316): error C2988: unrecognizable template declaration/definition
G:\visual studio real\VC\Tools\MSVC\14.11.25503\include\algorithm(2316): error C2143: syntax error: missing ';' before '<'
G:\visual studio real\VC\Tools\MSVC\14.11.25503\include\algorithm(2316): error C2433: 'pair': 'inline' not permitted on data declarations
G:\visual studio real\VC\Tools\MSVC\14.11.25503\include\algorithm(2316): error C4430: missing type specifier - int assumed. Note: C++ does not support default-int
G:\visual studio real\VC\Tools\MSVC\14.11.25503\include\algorithm(2316): error C2374: 'std::pair': redefinition; multiple initialization
  G:\visual studio real\VC\Tools\MSVC\14.11.25503\include\algorithm(220): note: see declaration of 'std::pair'
G:\visual studio real\VC\Tools\MSVC\14.11.25503\include\algorithm(2316): error C2059: syntax error: '<'
G:\visual studio real\VC\Tools\MSVC\14.11.25503\include\algorithm(2319): error C2143: syntax error: missing ';' before '{'
G:\visual studio real\VC\Tools\MSVC\14.11.25503\include\algorithm(2319): error C2447: '{': missing function header (old-style formal list?)
G:\visual studio real\VC\Tools\MSVC\14.11.25503\include\algorithm(2350): error C2988: unrecognizable template declaration/definition
G:\visual studio real\VC\Tools\MSVC\14.11.25503\include\algorithm(2350): error C2143: syntax error: missing ';' before '<'
G:\visual studio real\VC\Tools\MSVC\14.11.25503\include\algorithm(2350): error C2433: 'pair': 'inline' not permitted on data declarations
G:\visual studio real\VC\Tools\MSVC\14.11.25503\include\algorithm(2350): error C4430: missing type specifier - int assumed. Note: C++ does not support default-int
G:\visual studio real\VC\Tools\MSVC\14.11.25503\include\algorithm(2350): error C2374: 'std::pair': redefinition; multiple initialization
  G:\visual studio real\VC\Tools\MSVC\14.11.25503\include\algorithm(220): note: see declaration of 'std::pair'
G:\visual studio real\VC\Tools\MSVC\14.11.25503\include\algorithm(2350): error C2059: syntax error: '<'
G:\visual studio real\VC\Tools\MSVC\14.11.25503\include\algorithm(2353): error C2143: syntax error: missing ';' before '{'
G:\visual studio real\VC\Tools\MSVC\14.11.25503\include\algorithm(2353): error C2447: '{': missing function header (old-style formal list?)
G:\visual studio real\VC\Tools\MSVC\14.11.25503\include\algorithm(2362): error C2988: unrecognizable template declaration/definition
G:\visual studio real\VC\Tools\MSVC\14.11.25503\include\algorithm(2362): error C2143: syntax error: missing ';' before '<'
G:\visual studio real\VC\Tools\MSVC\14.11.25503\include\algorithm(2362): error C2433: 'pair': 'inline' not permitted on data declarations
G:\visual studio real\VC\Tools\MSVC\14.11.25503\include\algorithm(2362): error C4430: missing type specifier - int assumed. Note: C++ does not support default-int
G:\visual studio real\VC\Tools\MSVC\14.11.25503\include\algorithm(2362): error C2374: 'std::pair': redefinition; multiple initialization
  G:\visual studio real\VC\Tools\MSVC\14.11.25503\include\algorithm(220): note: see declaration of 'std::pair'
G:\visual studio real\VC\Tools\MSVC\14.11.25503\include\algorithm(2362): error C2059: syntax error: '<'
G:\visual studio real\VC\Tools\MSVC\14.11.25503\include\algorithm(2365): error C2143: syntax error: missing ';' before '{'
G:\visual studio real\VC\Tools\MSVC\14.11.25503\include\algorithm(2365): error C2447: '{': missing function header (old-style formal list?)
G:\visual studio real\VC\Tools\MSVC\14.11.25503\include\algorithm(2400): error C2433: '_Distance_unknown': 'inline' not permitted on data declarations
G:\visual studio real\VC\Tools\MSVC\14.11.25503\include\algorithm(2400): error C4430: missing type specifier - int assumed. Note: C++ does not support default-int
G:\visual studio real\VC\Tools\MSVC\14.11.25503\include\algorithm(2400): error C2146: syntax error: missing ';' before identifier '_Idl_dist_add'
G:\visual studio real\VC\Tools\MSVC\14.11.25503\include\algorithm(2401): error C2448: 'std::_Idl_dist_add': function-style initializer appears to be a function definition
G:\visual studio real\VC\Tools\MSVC\14.11.25503\include\algorithm(2406): error C2433: '_Distance_unknown': 'inline' not permitted on data declarations
G:\visual studio real\VC\Tools\MSVC\14.11.25503\include\algorithm(2406): error C4430: missing type specifier - int assumed. Note: C++ does not support default-int
G:\visual studio real\VC\Tools\MSVC\14.11.25503\include\algorithm(2406): error C2086: 'int std::_Distance_unknown': redefinition
  G:\visual studio real\VC\Tools\MSVC\14.11.25503\include\algorithm(2400): note: see declaration of 'std::_Distance_unknown'
G:\visual studio real\VC\Tools\MSVC\14.11.25503\include\algorithm(2406): fatal error C1003: error count exceeds 100; stopping compilation
  string.cpp
G:\visual studio real\VC\Tools\MSVC\14.11.25503\include\cstring(12): error C2039: 'strcat': is not a member of '`global namespace''
G:\visual studio real\VC\Tools\MSVC\14.11.25503\include\cstring(12): error C2873: 'strcat': symbol cannot be used in a using-declaration
G:\visual studio real\VC\Tools\MSVC\14.11.25503\include\cstring(12): error C2039: 'strcmp': is not a member of '`global namespace''
G:\visual studio real\VC\Tools\MSVC\14.11.25503\include\cstring(12): error C2873: 'strcmp': symbol cannot be used in a using-declaration
G:\visual studio real\VC\Tools\MSVC\14.11.25503\include\cstring(13): error C2039: 'strcoll': is not a member of '`global namespace''
G:\visual studio real\VC\Tools\MSVC\14.11.25503\include\cstring(13): error C2873: 'strcoll': symbol cannot be used in a using-declaration
G:\visual studio real\VC\Tools\MSVC\14.11.25503\include\cstring(13): error C2039: 'strcpy': is not a member of '`global namespace''
G:\visual studio real\VC\Tools\MSVC\14.11.25503\include\cstring(13): error C2873: 'strcpy': symbol cannot be used in a using-declaration
G:\visual studio real\VC\Tools\MSVC\14.11.25503\include\cstring(13): error C2039: 'strcspn': is not a member of '`global namespace''
G:\visual studio real\VC\Tools\MSVC\14.11.25503\include\cstring(13): error C2873: 'strcspn': symbol cannot be used in a using-declaration
G:\visual studio real\VC\Tools\MSVC\14.11.25503\include\cstring(14): error C2039: 'strerror': is not a member of '`global namespace''
G:\visual studio real\VC\Tools\MSVC\14.11.25503\include\cstring(14): error C2873: 'strerror': symbol cannot be used in a using-declaration
G:\visual studio real\VC\Tools\MSVC\14.11.25503\include\cstring(14): error C2039: 'strlen': is not a member of '`global namespace''
G:\visual studio real\VC\Tools\MSVC\14.11.25503\include\cstring(14): error C2873: 'strlen': symbol cannot be used in a using-declaration
G:\visual studio real\VC\Tools\MSVC\14.11.25503\include\cstring(14): error C2039: 'strncat': is not a member of '`global namespace''
G:\visual studio real\VC\Tools\MSVC\14.11.25503\include\cstring(14): error C2873: 'strncat': symbol cannot be used in a using-declaration
G:\visual studio real\VC\Tools\MSVC\14.11.25503\include\cstring(15): error C2039: 'strncmp': is not a member of '`global namespace''
G:\visual studio real\VC\Tools\MSVC\14.11.25503\include\cstring(15): error C2873: 'strncmp': symbol cannot be used in a using-declaration
G:\visual studio real\VC\Tools\MSVC\14.11.25503\include\cstring(15): error C2039: 'strncpy': is not a member of '`global namespace''
G:\visual studio real\VC\Tools\MSVC\14.11.25503\include\cstring(15): error C2873: 'strncpy': symbol cannot be used in a using-declaration
G:\visual studio real\VC\Tools\MSVC\14.11.25503\include\cstring(15): error C2039: 'strpbrk': is not a member of '`global namespace''
G:\visual studio real\VC\Tools\MSVC\14.11.25503\include\cstring(15): error C2873: 'strpbrk': symbol cannot be used in a using-declaration
G:\visual studio real\VC\Tools\MSVC\14.11.25503\include\cstring(16): error C2039: 'strspn': is not a member of '`global namespace''
G:\visual studio real\VC\Tools\MSVC\14.11.25503\include\cstring(16): error C2873: 'strspn': symbol cannot be used in a using-declaration
G:\visual studio real\VC\Tools\MSVC\14.11.25503\include\cstring(17): error C2039: 'strtok': is not a member of '`global namespace''
G:\visual studio real\VC\Tools\MSVC\14.11.25503\include\cstring(17): error C2873: 'strtok': symbol cannot be used in a using-declaration
G:\visual studio real\VC\Tools\MSVC\14.11.25503\include\cstring(17): error C2039: 'strxfrm': is not a member of '`global namespace''
G:\visual studio real\VC\Tools\MSVC\14.11.25503\include\cstring(17): error C2873: 'strxfrm': symbol cannot be used in a using-declaration
G:\visual studio real\VC\Tools\MSVC\14.11.25503\include\iosfwd(480): error C2039: 'strlen': is not a member of '`global namespace''
G:\visual studio real\VC\Tools\MSVC\14.11.25503\include\iosfwd(480): error C3861: 'strlen': identifier not found
G:\visual studio real\VC\Tools\MSVC\14.11.25503\include\xlocale(480): error C2039: 'strcmp': is not a member of '`global namespace''
G:\visual studio real\VC\Tools\MSVC\14.11.25503\include\xlocale(480): error C3861: 'strcmp': identifier not found
G:\visual studio real\VC\Tools\MSVC\14.11.25503\include\xlocale(691): error C2039: 'strlen': is not a member of '`global namespace''
G:\visual studio real\VC\Tools\MSVC\14.11.25503\include\xlocale(691): error C3861: 'strlen': identifier not found
G:\visual studio real\VC\Tools\MSVC\14.11.25503\include\xlocale(727): error C2039: 'strlen': is not a member of '`global namespace''
G:\visual studio real\VC\Tools\MSVC\14.11.25503\include\xlocale(727): error C3861: 'strlen': identifier not found
G:\visual studio real\VC\Tools\MSVC\14.11.25503\include\xlocale(1640): error C2039: 'strlen': is not a member of '`global namespace''
G:\visual studio real\VC\Tools\MSVC\14.11.25503\include\xlocale(1640): error C3861: 'strlen': identifier not found
G:\visual studio real\VC\Tools\MSVC\14.11.25503\include\xlocale(1755): error C2039: 'strlen': is not a member of '`global namespace''
G:\visual studio real\VC\Tools\MSVC\14.11.25503\include\xlocale(1755): error C3861: 'strlen': identifier not found
G:\visual studio real\VC\Tools\MSVC\14.11.25503\include\xlocale(1889): error C2039: 'strlen': is not a member of '`global namespace''
G:\visual studio real\VC\Tools\MSVC\14.11.25503\include\xlocale(1889): error C3861: 'strlen': identifier not found
G:\visual studio real\VC\Tools\MSVC\14.11.25503\include\xlocale(2004): error C2039: 'strlen': is not a member of '`global namespace''
G:\visual studio real\VC\Tools\MSVC\14.11.25503\include\xlocale(2004): error C3861: 'strlen': identifier not found
G:\visual studio real\VC\Tools\MSVC\14.11.25503\include\xhash(41): error C2039: 'strlen': is not a member of '`global namespace''
G:\visual studio real\VC\Tools\MSVC\14.11.25503\include\xhash(41): error C3861: 'strlen': identifier not found
src\string.cpp(21): error C2561: 'bt::SplitString': function must return a value
  src\string.cpp(8): note: see declaration of 'bt::SplitString'
src\string.cpp(58): error C2572: 'bt::FindStringPosition': redefinition of default argument: parameter 1
  d:\githubbitengine\bitengine\bitengine-core\src\string.h(49): note: see declaration of 'bt::FindStringPosition'
src\string.cpp(75): error C2572: 'bt::GetBlock': redefinition of default argument: parameter 1
  d:\githubbitengine\bitengine\bitengine-core\src\string.h(53): note: see declaration of 'bt::GetBlock'
src\string.cpp(82): warning C4244: 'initializing': conversion from '__int64' to 'uint', possible loss of data
src\string.cpp(86): error C2572: 'bt::GetBlock': redefinition of default argument: parameter 1
  d:\githubbitengine\bitengine\bitengine-core\src\string.h(54): note: see declaration of 'bt::GetBlock'
src\string.cpp(91): error C2572: 'bt::GetStatement': redefinition of default argument: parameter 1
  d:\githubbitengine\bitengine\bitengine-core\src\string.h(56): note: see declaration of 'bt::GetStatement'
src\string.cpp(98): warning C4244: 'initializing': conversion from '__int64' to 'uint', possible loss of data
