d:\gymnasieprjbackup\paows 64 bit\bin\debug\intermediates\vc141.pdb
d:\gymnasieprjbackup\paows 64 bit\bin\debug\intermediates\vc141.idb
d:\gymnasieprjbackup\paows 64 bit\bin\debug\intermediates\main.obj
d:\gymnasieprjbackup\paows 64 bit\bin\debug\intermediates\texture.obj
d:\gymnasieprjbackup\paows 64 bit\bin\debug\intermediates\indexbuffer.obj
d:\gymnasieprjbackup\paows 64 bit\bin\debug\intermediates\window.obj
d:\gymnasieprjbackup\paows 64 bit\bin\debug\intermediates\vec4.obj
d:\gymnasieprjbackup\paows 64 bit\bin\debug\intermediates\exampelgame.obj
d:\gymnasieprjbackup\paows 64 bit\bin\debug\intermediates\vec3.obj
d:\gymnasieprjbackup\paows 64 bit\bin\debug\intermediates\mat4.obj
d:\gymnasieprjbackup\paows 64 bit\bin\debug\intermediates\tilelayer.obj
d:\gymnasieprjbackup\paows 64 bit\bin\debug\intermediates\batchrenderer2d.obj
d:\gymnasieprjbackup\paows 64 bit\bin\debug\intermediates\sprite.obj
d:\gymnasieprjbackup\paows 64 bit\bin\debug\intermediates\buffer.obj
d:\gymnasieprjbackup\paows 64 bit\bin\debug\intermediates\vertexarray.obj
d:\gymnasieprjbackup\paows 64 bit\bin\debug\intermediates\group.obj
d:\gymnasieprjbackup\paows 64 bit\bin\debug\intermediates\layer.obj
d:\gymnasieprjbackup\paows 64 bit\bin\debug\intermediates\shader.obj
d:\gymnasieprjbackup\paows 64 bit\bin\debug\intermediates\vec2.obj
d:\gymnasieprjbackup\paows 64 bit\bin\debug\intermediates\rectangle.obj
d:\gymnasieprjbackup\paows 64 bit\bin\debug\intermediates\aabb.obj
d:\gymnasieprjbackup\paows 64 bit\bin\debug\paows.exe
d:\gymnasieprjbackup\paows 64 bit\bin\debug\paows.ilk
d:\gymnasieprjbackup\paows 64 bit\bin\debug\paows.pdb
d:\gymnasieprjbackup\paows 64 bit\bin\debug\intermediates\paows.tlog\cl.command.1.tlog
d:\gymnasieprjbackup\paows 64 bit\bin\debug\intermediates\paows.tlog\cl.read.1.tlog
d:\gymnasieprjbackup\paows 64 bit\bin\debug\intermediates\paows.tlog\cl.write.1.tlog
d:\gymnasieprjbackup\paows 64 bit\bin\debug\intermediates\paows.tlog\link.command.1.tlog
d:\gymnasieprjbackup\paows 64 bit\bin\debug\intermediates\paows.tlog\link.read.1.tlog
d:\gymnasieprjbackup\paows 64 bit\bin\debug\intermediates\paows.tlog\link.write.1.tlog
