cl : Command line warning D9002: ignoring unknown option '/arch:SSE2'
  ExampelGame.cpp
d:\gymnasieprjbackup\paows 64 bit\paows\src\graphics\2d\renderable2D.h(3): warning C4067: unexpected tokens following preprocessor directive - expected a newline
d:\gymnasieprjbackup\paows 64 bit\paows\src\maths\maths_func.h(9): warning C4244: 'return': conversion from 'double' to 'float', possible loss of data
d:\gymnasieprjbackup\paows 64 bit\paows\src\graphics\2d\renderable2D.h(4): warning C4067: unexpected tokens following preprocessor directive - expected a newline
d:\gymnasieprjbackup\paows 64 bit\paows\src\graphics\2d\renderable2D.h(5): warning C4067: unexpected tokens following preprocessor directive - expected a newline
d:\gymnasieprjbackup\paows 64 bit\paows\src\graphics\2d\renderable2D.h(11): warning C4067: unexpected tokens following preprocessor directive - expected a newline
d:\gymnasieprjbackup\paows 64 bit\paows\src\utils\timer.h(9): error C3646: 'm_Start': unknown override specifier
d:\gymnasieprjbackup\paows 64 bit\paows\src\utils\timer.h(9): error C4430: missing type specifier - int assumed. Note: C++ does not support default-int
d:\gymnasieprjbackup\paows 64 bit\paows\src\utils\timer.h(13): error C2065: 'LARGE_INTEGER': undeclared identifier
d:\gymnasieprjbackup\paows 64 bit\paows\src\utils\timer.h(13): error C2146: syntax error: missing ';' before identifier 'frequency'
d:\gymnasieprjbackup\paows 64 bit\paows\src\utils\timer.h(13): error C2065: 'frequency': undeclared identifier
d:\gymnasieprjbackup\paows 64 bit\paows\src\utils\timer.h(14): error C2065: 'frequency': undeclared identifier
d:\gymnasieprjbackup\paows 64 bit\paows\src\utils\timer.h(14): error C3861: 'QueryPerformanceFrequency': identifier not found
d:\gymnasieprjbackup\paows 64 bit\paows\src\utils\timer.h(15): error C2065: 'frequency': undeclared identifier
d:\gymnasieprjbackup\paows 64 bit\paows\src\utils\timer.h(15): error C2228: left of '.QuadPart' must have class/struct/union
  d:\gymnasieprjbackup\paows 64 bit\paows\src\utils\timer.h(15): note: type is 'unknown-type'
d:\gymnasieprjbackup\paows 64 bit\paows\src\utils\timer.h(16): error C2065: 'm_Start': undeclared identifier
d:\gymnasieprjbackup\paows 64 bit\paows\src\utils\timer.h(16): error C3861: 'QueryPerformanceCounter': identifier not found
d:\gymnasieprjbackup\paows 64 bit\paows\src\utils\timer.h(20): error C2065: 'm_Start': undeclared identifier
d:\gymnasieprjbackup\paows 64 bit\paows\src\utils\timer.h(20): error C3861: 'QueryPerformanceCounter': identifier not found
d:\gymnasieprjbackup\paows 64 bit\paows\src\utils\timer.h(24): error C2065: 'LARGE_INTEGER': undeclared identifier
d:\gymnasieprjbackup\paows 64 bit\paows\src\utils\timer.h(24): error C2146: syntax error: missing ';' before identifier 'current'
d:\gymnasieprjbackup\paows 64 bit\paows\src\utils\timer.h(24): error C2065: 'current': undeclared identifier
d:\gymnasieprjbackup\paows 64 bit\paows\src\utils\timer.h(25): error C2065: 'current': undeclared identifier
d:\gymnasieprjbackup\paows 64 bit\paows\src\utils\timer.h(25): error C3861: 'QueryPerformanceCounter': identifier not found
d:\gymnasieprjbackup\paows 64 bit\paows\src\utils\timer.h(26): error C2065: 'current': undeclared identifier
d:\gymnasieprjbackup\paows 64 bit\paows\src\utils\timer.h(26): error C2228: left of '.QuadPart' must have class/struct/union
  d:\gymnasieprjbackup\paows 64 bit\paows\src\utils\timer.h(26): note: type is 'unknown-type'
d:\gymnasieprjbackup\paows 64 bit\paows\src\utils\timer.h(26): error C2065: 'm_Start': undeclared identifier
