d:\gymnasieproject\paows\paows 64 bit\bin\release\intermediates\vc140.pdb
d:\gymnasieproject\paows\paows 64 bit\bin\release\intermediates\ftlcdfil.obj
d:\gymnasieproject\paows\paows 64 bit\bin\release\intermediates\ftinit.obj
d:\gymnasieproject\paows\paows 64 bit\bin\release\intermediates\fthash.obj
d:\gymnasieproject\paows\paows 64 bit\bin\release\intermediates\ftgxval.obj
d:\gymnasieproject\paows\paows 64 bit\bin\release\intermediates\ftglyph.obj
d:\gymnasieproject\paows\paows 64 bit\bin\release\intermediates\ftgloadr.obj
d:\gymnasieproject\paows\paows 64 bit\bin\release\intermediates\ftgasp.obj
d:\gymnasieproject\paows\paows 64 bit\bin\release\intermediates\ftfstype.obj
d:\gymnasieproject\paows\paows 64 bit\bin\release\intermediates\ftfntfmt.obj
d:\gymnasieproject\paows\paows 64 bit\bin\release\intermediates\ftdebug.obj
d:\gymnasieproject\paows\paows 64 bit\bin\release\intermediates\ftdbgmem.obj
d:\gymnasieproject\paows\paows 64 bit\bin\release\intermediates\ftcid.obj
d:\gymnasieproject\paows\paows 64 bit\bin\release\intermediates\ftcalc.obj
d:\gymnasieproject\paows\paows 64 bit\bin\release\intermediates\ftbitmap.obj
d:\gymnasieproject\paows\paows 64 bit\bin\release\intermediates\ftbdf.obj
d:\gymnasieproject\paows\paows 64 bit\bin\release\intermediates\ftbbox.obj
d:\gymnasieproject\paows\paows 64 bit\bin\release\intermediates\ftbase.obj
d:\gymnasieproject\paows\paows 64 bit\bin\release\intermediates\ftapi.obj
d:\gymnasieproject\paows\paows 64 bit\bin\release\intermediates\ftadvanc.obj
d:\gymnasieproject\paows\paows 64 bit\bin\release\intermediates\basepic.obj
d:\gymnasieproject\paows\paows 64 bit\bin\release\intermediates\md5.obj
d:\gymnasieproject\paows\paows 64 bit\bin\release\intermediates\ftwinfnt.obj
d:\gymnasieproject\paows\paows 64 bit\bin\release\intermediates\ftutil.obj
d:\gymnasieproject\paows\paows 64 bit\bin\release\intermediates\fttype1.obj
d:\gymnasieproject\paows\paows 64 bit\bin\release\intermediates\fttrigon.obj
d:\gymnasieproject\paows\paows 64 bit\bin\release\intermediates\ftsystem.obj
d:\gymnasieproject\paows\paows 64 bit\bin\release\intermediates\ftsynth.obj
d:\gymnasieproject\paows\paows 64 bit\bin\release\intermediates\ftstroke.obj
d:\gymnasieproject\paows\paows 64 bit\bin\release\intermediates\ftstream.obj
d:\gymnasieproject\paows\paows 64 bit\bin\release\intermediates\ftsnames.obj
d:\gymnasieproject\paows\paows 64 bit\bin\release\intermediates\ftrfork.obj
d:\gymnasieproject\paows\paows 64 bit\bin\release\intermediates\ftpsprop.obj
d:\gymnasieproject\paows\paows 64 bit\bin\release\intermediates\ftpic.obj
d:\gymnasieproject\paows\paows 64 bit\bin\release\intermediates\ftpfr.obj
d:\gymnasieproject\paows\paows 64 bit\bin\release\intermediates\ftpatent.obj
d:\gymnasieproject\paows\paows 64 bit\bin\release\intermediates\ftoutln.obj
d:\gymnasieproject\paows\paows 64 bit\bin\release\intermediates\ftotval.obj
d:\gymnasieproject\paows\paows 64 bit\bin\release\intermediates\ftobjs.obj
d:\gymnasieproject\paows\paows 64 bit\bin\release\intermediates\ftmm.obj
d:\gymnasieproject\paows\paows 64 bit\bin\release\intermediates\ftmac.obj
d:\gymnasieproject\paows\paows 64 bit\bin\release\intermediates\vec4.obj
d:\gymnasieproject\paows\paows 64 bit\bin\release\intermediates\vec3.obj
d:\gymnasieproject\paows\paows 64 bit\bin\release\intermediates\vec2.obj
d:\gymnasieproject\paows\paows 64 bit\bin\release\intermediates\mat4.obj
d:\gymnasieproject\paows\paows 64 bit\bin\release\intermediates\window.obj
d:\gymnasieproject\paows\paows 64 bit\bin\release\intermediates\shader.obj
d:\gymnasieproject\paows\paows 64 bit\bin\release\intermediates\tilelayer.obj
d:\gymnasieproject\paows\paows 64 bit\bin\release\intermediates\layer.obj
d:\gymnasieproject\paows\paows 64 bit\bin\release\intermediates\group.obj
d:\gymnasieproject\paows\paows 64 bit\bin\release\intermediates\vertexarray.obj
d:\gymnasieproject\paows\paows 64 bit\bin\release\intermediates\indexbuffer.obj
d:\gymnasieproject\paows\paows 64 bit\bin\release\intermediates\buffer.obj
d:\gymnasieproject\paows\paows 64 bit\bin\release\intermediates\texture.obj
d:\gymnasieproject\paows\paows 64 bit\bin\release\intermediates\static_sprite.obj
d:\gymnasieproject\paows\paows 64 bit\bin\release\intermediates\sprite.obj
d:\gymnasieproject\paows\paows 64 bit\bin\release\intermediates\simple2drenderer.obj
d:\gymnasieproject\paows\paows 64 bit\bin\release\intermediates\batchrenderer2d.obj
d:\gymnasieproject\paows\paows 64 bit\bin\release\intermediates\main.obj
d:\gymnasieproject\paows\paows 64 bit\bin\release\intermediates\ftxf86.obj
d:\gymnasieprjbackup\paows 64 bit\bin\release\intermediates\vc140.pdb
d:\gymnasieprjbackup\paows 64 bit\bin\release\intermediates\ftlcdfil.obj
d:\gymnasieprjbackup\paows 64 bit\bin\release\intermediates\ftinit.obj
d:\gymnasieprjbackup\paows 64 bit\bin\release\intermediates\ftgxval.obj
d:\gymnasieprjbackup\paows 64 bit\bin\release\intermediates\ftglyph.obj
d:\gymnasieprjbackup\paows 64 bit\bin\release\intermediates\ftgloadr.obj
d:\gymnasieprjbackup\paows 64 bit\bin\release\intermediates\ftgasp.obj
d:\gymnasieprjbackup\paows 64 bit\bin\release\intermediates\ftfstype.obj
d:\gymnasieprjbackup\paows 64 bit\bin\release\intermediates\ftdebug.obj
d:\gymnasieprjbackup\paows 64 bit\bin\release\intermediates\ftdbgmem.obj
d:\gymnasieprjbackup\paows 64 bit\bin\release\intermediates\ftcid.obj
d:\gymnasieprjbackup\paows 64 bit\bin\release\intermediates\ftcalc.obj
d:\gymnasieprjbackup\paows 64 bit\bin\release\intermediates\ftbitmap.obj
d:\gymnasieprjbackup\paows 64 bit\bin\release\intermediates\ftbdf.obj
d:\gymnasieprjbackup\paows 64 bit\bin\release\intermediates\ftbbox.obj
d:\gymnasieprjbackup\paows 64 bit\bin\release\intermediates\ftbase.obj
d:\gymnasieprjbackup\paows 64 bit\bin\release\intermediates\ftapi.obj
d:\gymnasieprjbackup\paows 64 bit\bin\release\intermediates\ftadvanc.obj
d:\gymnasieprjbackup\paows 64 bit\bin\release\intermediates\basepic.obj
d:\gymnasieprjbackup\paows 64 bit\bin\release\intermediates\ftxf86.obj
d:\gymnasieprjbackup\paows 64 bit\bin\release\intermediates\ftwinfnt.obj
d:\gymnasieprjbackup\paows 64 bit\bin\release\intermediates\ftutil.obj
d:\gymnasieprjbackup\paows 64 bit\bin\release\intermediates\fttype1.obj
d:\gymnasieprjbackup\paows 64 bit\bin\release\intermediates\fttrigon.obj
d:\gymnasieprjbackup\paows 64 bit\bin\release\intermediates\ftsystem.obj
d:\gymnasieprjbackup\paows 64 bit\bin\release\intermediates\ftsynth.obj
d:\gymnasieprjbackup\paows 64 bit\bin\release\intermediates\ftstroke.obj
d:\gymnasieprjbackup\paows 64 bit\bin\release\intermediates\ftstream.obj
d:\gymnasieprjbackup\paows 64 bit\bin\release\intermediates\ftsnames.obj
d:\gymnasieprjbackup\paows 64 bit\bin\release\intermediates\ftrfork.obj
d:\gymnasieprjbackup\paows 64 bit\bin\release\intermediates\ftpic.obj
d:\gymnasieprjbackup\paows 64 bit\bin\release\intermediates\ftpfr.obj
d:\gymnasieprjbackup\paows 64 bit\bin\release\intermediates\ftpatent.obj
d:\gymnasieprjbackup\paows 64 bit\bin\release\intermediates\ftoutln.obj
d:\gymnasieprjbackup\paows 64 bit\bin\release\intermediates\ftotval.obj
d:\gymnasieprjbackup\paows 64 bit\bin\release\intermediates\ftobjs.obj
d:\gymnasieprjbackup\paows 64 bit\bin\release\intermediates\ftmm.obj
d:\gymnasieprjbackup\paows 64 bit\bin\release\intermediates\ftmac.obj
d:\gymnasieprjbackup\paows 64 bit\bin\release\intermediates\md5.obj
d:\gymnasieprjbackup\paows 64 bit\bin\release\intermediates\bdf.obj
d:\gymnasieprjbackup\paows 64 bit\bin\release\intermediates\hbshim.obj
d:\gymnasieprjbackup\paows 64 bit\bin\release\intermediates\autofit.obj
d:\gymnasieprjbackup\paows 64 bit\bin\release\intermediates\afwarp.obj
d:\gymnasieprjbackup\paows 64 bit\bin\release\intermediates\afranges.obj
d:\gymnasieprjbackup\paows 64 bit\bin\release\intermediates\afpic.obj
d:\gymnasieprjbackup\paows 64 bit\bin\release\intermediates\afmodule.obj
d:\gymnasieprjbackup\paows 64 bit\bin\release\intermediates\afloader.obj
d:\gymnasieprjbackup\paows 64 bit\bin\release\intermediates\aflatin.obj
d:\gymnasieprjbackup\paows 64 bit\bin\release\intermediates\afindic.obj
d:\gymnasieprjbackup\paows 64 bit\bin\release\intermediates\afhints.obj
d:\gymnasieprjbackup\paows 64 bit\bin\release\intermediates\afglobal.obj
d:\gymnasieprjbackup\paows 64 bit\bin\release\intermediates\afdummy.obj
d:\gymnasieprjbackup\paows 64 bit\bin\release\intermediates\afcjk.obj
d:\gymnasieprjbackup\paows 64 bit\bin\release\intermediates\afblue.obj
d:\gymnasieprjbackup\paows 64 bit\bin\release\intermediates\afangles.obj
d:\gymnasieprjbackup\paows 64 bit\bin\release\intermediates\cf2read.obj
d:\gymnasieprjbackup\paows 64 bit\bin\release\intermediates\cf2intrp.obj
d:\gymnasieprjbackup\paows 64 bit\bin\release\intermediates\cf2hints.obj
d:\gymnasieprjbackup\paows 64 bit\bin\release\intermediates\cf2ft.obj
d:\gymnasieprjbackup\paows 64 bit\bin\release\intermediates\cf2font.obj
d:\gymnasieprjbackup\paows 64 bit\bin\release\intermediates\cf2error.obj
d:\gymnasieprjbackup\paows 64 bit\bin\release\intermediates\cf2blues.obj
d:\gymnasieprjbackup\paows 64 bit\bin\release\intermediates\cf2arrst.obj
d:\gymnasieprjbackup\paows 64 bit\bin\release\intermediates\ftcsbits.obj
d:\gymnasieprjbackup\paows 64 bit\bin\release\intermediates\ftcmru.obj
d:\gymnasieprjbackup\paows 64 bit\bin\release\intermediates\ftcmanag.obj
d:\gymnasieprjbackup\paows 64 bit\bin\release\intermediates\ftcimage.obj
d:\gymnasieprjbackup\paows 64 bit\bin\release\intermediates\ftcglyph.obj
d:\gymnasieprjbackup\paows 64 bit\bin\release\intermediates\ftccmap.obj
d:\gymnasieprjbackup\paows 64 bit\bin\release\intermediates\ftccache.obj
d:\gymnasieprjbackup\paows 64 bit\bin\release\intermediates\ftcbasic.obj
d:\gymnasieprjbackup\paows 64 bit\bin\release\intermediates\ftcache.obj
d:\gymnasieprjbackup\paows 64 bit\bin\release\intermediates\ftbzip2.obj
d:\gymnasieprjbackup\paows 64 bit\bin\release\intermediates\bdflib.obj
d:\gymnasieprjbackup\paows 64 bit\bin\release\intermediates\bdfdrivr.obj
d:\gymnasieprjbackup\paows 64 bit\bin\release\intermediates\gxvfgen.obj
d:\gymnasieprjbackup\paows 64 bit\bin\release\intermediates\gxvfeat.obj
d:\gymnasieprjbackup\paows 64 bit\bin\release\intermediates\gxvcommn.obj
d:\gymnasieprjbackup\paows 64 bit\bin\release\intermediates\gxvbsln.obj
d:\gymnasieprjbackup\paows 64 bit\bin\release\intermediates\gxvalid.obj
d:\gymnasieprjbackup\paows 64 bit\bin\release\intermediates\type1cid.obj
d:\gymnasieprjbackup\paows 64 bit\bin\release\intermediates\cidriver.obj
d:\gymnasieprjbackup\paows 64 bit\bin\release\intermediates\cidparse.obj
d:\gymnasieprjbackup\paows 64 bit\bin\release\intermediates\cidobjs.obj
d:\gymnasieprjbackup\paows 64 bit\bin\release\intermediates\cidload.obj
d:\gymnasieprjbackup\paows 64 bit\bin\release\intermediates\cidgload.obj
d:\gymnasieprjbackup\paows 64 bit\bin\release\intermediates\cffpic.obj
d:\gymnasieprjbackup\paows 64 bit\bin\release\intermediates\cffparse.obj
d:\gymnasieprjbackup\paows 64 bit\bin\release\intermediates\cffobjs.obj
d:\gymnasieprjbackup\paows 64 bit\bin\release\intermediates\cffload.obj
d:\gymnasieprjbackup\paows 64 bit\bin\release\intermediates\cffgload.obj
d:\gymnasieprjbackup\paows 64 bit\bin\release\intermediates\cffdrivr.obj
d:\gymnasieprjbackup\paows 64 bit\bin\release\intermediates\cffcmap.obj
d:\gymnasieprjbackup\paows 64 bit\bin\release\intermediates\cff.obj
d:\gymnasieprjbackup\paows 64 bit\bin\release\intermediates\cf2stack.obj
d:\gymnasieprjbackup\paows 64 bit\bin\release\intermediates\adler32.obj
d:\gymnasieprjbackup\paows 64 bit\bin\release\intermediates\gxvtrak.obj
d:\gymnasieprjbackup\paows 64 bit\bin\release\intermediates\gxvprop.obj
d:\gymnasieprjbackup\paows 64 bit\bin\release\intermediates\gxvopbd.obj
d:\gymnasieprjbackup\paows 64 bit\bin\release\intermediates\gxvmorx5.obj
d:\gymnasieprjbackup\paows 64 bit\bin\release\intermediates\gxvmorx4.obj
d:\gymnasieprjbackup\paows 64 bit\bin\release\intermediates\gxvmorx2.obj
d:\gymnasieprjbackup\paows 64 bit\bin\release\intermediates\gxvmorx1.obj
d:\gymnasieprjbackup\paows 64 bit\bin\release\intermediates\gxvmorx0.obj
d:\gymnasieprjbackup\paows 64 bit\bin\release\intermediates\gxvmorx.obj
d:\gymnasieprjbackup\paows 64 bit\bin\release\intermediates\gxvmort5.obj
d:\gymnasieprjbackup\paows 64 bit\bin\release\intermediates\gxvmort4.obj
d:\gymnasieprjbackup\paows 64 bit\bin\release\intermediates\gxvmort2.obj
d:\gymnasieprjbackup\paows 64 bit\bin\release\intermediates\gxvmort1.obj
d:\gymnasieprjbackup\paows 64 bit\bin\release\intermediates\gxvmort0.obj
d:\gymnasieprjbackup\paows 64 bit\bin\release\intermediates\gxvmort.obj
d:\gymnasieprjbackup\paows 64 bit\bin\release\intermediates\gxvmod.obj
d:\gymnasieprjbackup\paows 64 bit\bin\release\intermediates\gxvlcar.obj
d:\gymnasieprjbackup\paows 64 bit\bin\release\intermediates\gxvkern.obj
d:\gymnasieprjbackup\paows 64 bit\bin\release\intermediates\gxvjust.obj
d:\gymnasieprjbackup\paows 64 bit\bin\release\intermediates\pcfdrivr.obj
d:\gymnasieprjbackup\paows 64 bit\bin\release\intermediates\pcf.obj
d:\gymnasieprjbackup\paows 64 bit\bin\release\intermediates\otvmod.obj
d:\gymnasieprjbackup\paows 64 bit\bin\release\intermediates\otvmath.obj
d:\gymnasieprjbackup\paows 64 bit\bin\release\intermediates\otvjstf.obj
d:\gymnasieprjbackup\paows 64 bit\bin\release\intermediates\otvgsub.obj
d:\gymnasieprjbackup\paows 64 bit\bin\release\intermediates\otvgpos.obj
d:\gymnasieprjbackup\paows 64 bit\bin\release\intermediates\otvgdef.obj
d:\gymnasieprjbackup\paows 64 bit\bin\release\intermediates\otvcommn.obj
d:\gymnasieprjbackup\paows 64 bit\bin\release\intermediates\otvbase.obj
d:\gymnasieprjbackup\paows 64 bit\bin\release\intermediates\otvalid.obj
d:\gymnasieprjbackup\paows 64 bit\bin\release\intermediates\ftzopen.obj
d:\gymnasieprjbackup\paows 64 bit\bin\release\intermediates\ftlzw.obj
d:\gymnasieprjbackup\paows 64 bit\bin\release\intermediates\zutil.obj
d:\gymnasieprjbackup\paows 64 bit\bin\release\intermediates\inftrees.obj
d:\gymnasieprjbackup\paows 64 bit\bin\release\intermediates\ftgzip.obj
d:\gymnasieprjbackup\paows 64 bit\bin\release\intermediates\pshmod.obj
d:\gymnasieprjbackup\paows 64 bit\bin\release\intermediates\pshinter.obj
d:\gymnasieprjbackup\paows 64 bit\bin\release\intermediates\pshglob.obj
d:\gymnasieprjbackup\paows 64 bit\bin\release\intermediates\pshalgo.obj
d:\gymnasieprjbackup\paows 64 bit\bin\release\intermediates\t1decode.obj
d:\gymnasieprjbackup\paows 64 bit\bin\release\intermediates\t1cmap.obj
d:\gymnasieprjbackup\paows 64 bit\bin\release\intermediates\psobjs.obj
d:\gymnasieprjbackup\paows 64 bit\bin\release\intermediates\psconv.obj
d:\gymnasieprjbackup\paows 64 bit\bin\release\intermediates\psauxmod.obj
d:\gymnasieprjbackup\paows 64 bit\bin\release\intermediates\psaux.obj
d:\gymnasieprjbackup\paows 64 bit\bin\release\intermediates\afmparse.obj
d:\gymnasieprjbackup\paows 64 bit\bin\release\intermediates\pfrsbit.obj
d:\gymnasieprjbackup\paows 64 bit\bin\release\intermediates\pfrobjs.obj
d:\gymnasieprjbackup\paows 64 bit\bin\release\intermediates\pfrload.obj
d:\gymnasieprjbackup\paows 64 bit\bin\release\intermediates\pfrgload.obj
d:\gymnasieprjbackup\paows 64 bit\bin\release\intermediates\pfrdrivr.obj
d:\gymnasieprjbackup\paows 64 bit\bin\release\intermediates\pfrcmap.obj
d:\gymnasieprjbackup\paows 64 bit\bin\release\intermediates\pfr.obj
d:\gymnasieprjbackup\paows 64 bit\bin\release\intermediates\pcfutil.obj
d:\gymnasieprjbackup\paows 64 bit\bin\release\intermediates\pcfread.obj
d:\gymnasieprjbackup\paows 64 bit\bin\release\intermediates\ttpost.obj
d:\gymnasieprjbackup\paows 64 bit\bin\release\intermediates\ttmtx.obj
d:\gymnasieprjbackup\paows 64 bit\bin\release\intermediates\ttload.obj
d:\gymnasieprjbackup\paows 64 bit\bin\release\intermediates\ttkern.obj
d:\gymnasieprjbackup\paows 64 bit\bin\release\intermediates\ttcmap.obj
d:\gymnasieprjbackup\paows 64 bit\bin\release\intermediates\ttbdf.obj
d:\gymnasieprjbackup\paows 64 bit\bin\release\intermediates\sfobjs.obj
d:\gymnasieprjbackup\paows 64 bit\bin\release\intermediates\sfntpic.obj
d:\gymnasieprjbackup\paows 64 bit\bin\release\intermediates\sfnt.obj
d:\gymnasieprjbackup\paows 64 bit\bin\release\intermediates\sfdriver.obj
d:\gymnasieprjbackup\paows 64 bit\bin\release\intermediates\pngshim.obj
d:\gymnasieprjbackup\paows 64 bit\bin\release\intermediates\rastpic.obj
d:\gymnasieprjbackup\paows 64 bit\bin\release\intermediates\raster.obj
d:\gymnasieprjbackup\paows 64 bit\bin\release\intermediates\ftrend1.obj
d:\gymnasieprjbackup\paows 64 bit\bin\release\intermediates\ftraster.obj
d:\gymnasieprjbackup\paows 64 bit\bin\release\intermediates\pspic.obj
d:\gymnasieprjbackup\paows 64 bit\bin\release\intermediates\psnames.obj
d:\gymnasieprjbackup\paows 64 bit\bin\release\intermediates\psmodule.obj
d:\gymnasieprjbackup\paows 64 bit\bin\release\intermediates\pshrec.obj
d:\gymnasieprjbackup\paows 64 bit\bin\release\intermediates\pshpic.obj
d:\gymnasieprjbackup\paows 64 bit\bin\release\intermediates\t1afm.obj
d:\gymnasieprjbackup\paows 64 bit\bin\release\intermediates\ttsubpix.obj
d:\gymnasieprjbackup\paows 64 bit\bin\release\intermediates\ttpload.obj
d:\gymnasieprjbackup\paows 64 bit\bin\release\intermediates\ttpic.obj
d:\gymnasieprjbackup\paows 64 bit\bin\release\intermediates\ttobjs.obj
d:\gymnasieprjbackup\paows 64 bit\bin\release\intermediates\ttinterp.obj
d:\gymnasieprjbackup\paows 64 bit\bin\release\intermediates\ttgxvar.obj
d:\gymnasieprjbackup\paows 64 bit\bin\release\intermediates\ttgload.obj
d:\gymnasieprjbackup\paows 64 bit\bin\release\intermediates\ttdriver.obj
d:\gymnasieprjbackup\paows 64 bit\bin\release\intermediates\truetype.obj
d:\gymnasieprjbackup\paows 64 bit\bin\release\intermediates\test_trig.obj
d:\gymnasieprjbackup\paows 64 bit\bin\release\intermediates\test_bbox.obj
d:\gymnasieprjbackup\paows 64 bit\bin\release\intermediates\test_afm.obj
d:\gymnasieprjbackup\paows 64 bit\bin\release\intermediates\apinames.obj
d:\gymnasieprjbackup\paows 64 bit\bin\release\intermediates\smooth.obj
d:\gymnasieprjbackup\paows 64 bit\bin\release\intermediates\ftspic.obj
d:\gymnasieprjbackup\paows 64 bit\bin\release\intermediates\ftsmooth.obj
d:\gymnasieprjbackup\paows 64 bit\bin\release\intermediates\ftgrays.obj
d:\gymnasieprjbackup\paows 64 bit\bin\release\intermediates\ttsbit.obj
d:\gymnasieprjbackup\paows 64 bit\bin\release\intermediates\winfnt.obj
d:\gymnasieprjbackup\paows 64 bit\bin\release\intermediates\type42.obj
d:\gymnasieprjbackup\paows 64 bit\bin\release\intermediates\t42parse.obj
d:\gymnasieprjbackup\paows 64 bit\bin\release\intermediates\t42objs.obj
d:\gymnasieprjbackup\paows 64 bit\bin\release\intermediates\t42drivr.obj
d:\gymnasieprjbackup\paows 64 bit\bin\release\intermediates\type1.obj
d:\gymnasieprjbackup\paows 64 bit\bin\release\intermediates\t1parse.obj
d:\gymnasieprjbackup\paows 64 bit\bin\release\intermediates\t1objs.obj
d:\gymnasieprjbackup\paows 64 bit\bin\release\intermediates\t1load.obj
d:\gymnasieprjbackup\paows 64 bit\bin\release\intermediates\t1gload.obj
d:\gymnasieprjbackup\paows 64 bit\bin\release\intermediates\t1driver.obj
d:\gymnasieprjbackup\paows 64 bit\bin\release\intermediates\vector.obj
d:\gymnasieprjbackup\paows 64 bit\bin\release\intermediates\texture-font.obj
d:\gymnasieprjbackup\paows 64 bit\bin\release\intermediates\texture-atlas.obj
d:\gymnasieprjbackup\paows 64 bit\bin\release\intermediates\platform.obj
d:\gymnasieprjbackup\paows 64 bit\bin\release\intermediates\vec4.obj
d:\gymnasieprjbackup\paows 64 bit\bin\release\intermediates\vec3.obj
d:\gymnasieprjbackup\paows 64 bit\bin\release\intermediates\vec2.obj
d:\gymnasieprjbackup\paows 64 bit\bin\release\intermediates\mat4.obj
d:\gymnasieprjbackup\paows 64 bit\bin\release\intermediates\window.obj
d:\gymnasieprjbackup\paows 64 bit\bin\release\intermediates\shader.obj
d:\gymnasieprjbackup\paows 64 bit\bin\release\intermediates\tilelayer.obj
d:\gymnasieprjbackup\paows 64 bit\bin\release\intermediates\layer.obj
d:\gymnasieprjbackup\paows 64 bit\bin\release\intermediates\group.obj
d:\gymnasieprjbackup\paows 64 bit\bin\release\intermediates\vertexarray.obj
d:\gymnasieprjbackup\paows 64 bit\bin\release\intermediates\indexbuffer.obj
d:\gymnasieprjbackup\paows 64 bit\bin\release\intermediates\buffer.obj
d:\gymnasieprjbackup\paows 64 bit\bin\release\intermediates\texture.obj
d:\gymnasieprjbackup\paows 64 bit\bin\release\intermediates\static_sprite.obj
d:\gymnasieprjbackup\paows 64 bit\bin\release\intermediates\sprite.obj
d:\gymnasieprjbackup\paows 64 bit\bin\release\intermediates\simple2drenderer.obj
d:\gymnasieprjbackup\paows 64 bit\bin\release\intermediates\batchrenderer2d.obj
d:\gymnasieprjbackup\paows 64 bit\bin\release\intermediates\main.obj
d:\gymnasieprjbackup\paows 64 bit\bin\release\intermediates\label.obj
d:\gymnasieprjbackup\paows 64 bit\bin\release\intermediates\ftfntfmt.obj
d:\gymnasieprjbackup\paows 64 bit\bin\release\paows.exe
d:\gymnasieprjbackup\paows 64 bit\bin\release\paows.ipdb
d:\gymnasieprjbackup\paows 64 bit\bin\release\paows.iobj
d:\gymnasieprjbackup\paows 64 bit\bin\release\paows.pdb
d:\gymnasieprjbackup\paows 64 bit\bin\release\paows.lib
d:\gymnasieprjbackup\paows 64 bit\bin\release\paows.exp
d:\gymnasieprjbackup\paows 64 bit\bin\release\intermediates\cube3d.obj
d:\gymnasieprjbackup\paows 64 bit\bin\release\intermediates\fthash.obj
d:\gymnasieprjbackup\paows 64 bit\bin\release\intermediates\ftpsprop.obj
d:\gymnasieprjbackup\paows 64 bit\bin\release\intermediates\mesh.obj
d:\gymnasieprjbackup\paows 64 bit\bin\release\intermediates\model.obj
d:\gymnasieprjbackup\paows 64 bit\bin\release\intermediates\simple3drenderer.obj
d:\gymnasieprjbackup\paows 64 bit\bin\release\intermediates\paows.tlog\cl.command.1.tlog
d:\gymnasieprjbackup\paows 64 bit\bin\release\intermediates\paows.tlog\cl.read.1.tlog
d:\gymnasieprjbackup\paows 64 bit\bin\release\intermediates\paows.tlog\cl.write.1.tlog
d:\gymnasieprjbackup\paows 64 bit\bin\release\intermediates\paows.tlog\link.command.1.tlog
d:\gymnasieprjbackup\paows 64 bit\bin\release\intermediates\paows.tlog\link.read.1.tlog
d:\gymnasieprjbackup\paows 64 bit\bin\release\intermediates\paows.tlog\link.write.1.tlog
d:\gymnasieprjbackup\paows 64 bit\bin\release\intermediates\paows.tlog\paows.write.1u.tlog
